#
# There is insufficient memory for the Java Runtime Environment to continue.
# Native memory allocation (mmap) failed to map 67108864 bytes. Error detail: G1 virtual space
# Possible reasons:
#   The system is out of physical RAM or swap space
#   This process is running with CompressedOops enabled, and the Java Heap may be blocking the growth of the native heap
# Possible solutions:
#   Reduce memory load on the system
#   Increase physical memory or swap space
#   Check if swap backing store is full
#   Decrease Java heap size (-Xmx/-Xms)
#   Decrease number of Java threads
#   Decrease Java thread stack sizes (-Xss)
#   Set larger code cache with -XX:ReservedCodeCacheSize=
#   JVM is running with Unscaled Compressed Oops mode in which the Java heap is
#     placed in the first 4GB address space. The Java Heap base address is the
#     maximum limit for the native heap growth. Please use -XX:HeapBaseMinAddress
#     to set the Java Heap base and to place the Java Heap above 4GB virtual address.
# This output file may be truncated or incomplete.
#
#  Out of Memory Error (os_windows.cpp:3898), pid=11652, tid=13400
#
# JRE version:  (21.0.7) (build )
# Java VM: OpenJDK 64-Bit Server VM (21.0.7+-13880790-b1038.58, mixed mode, sharing, tiered, compressed oops, compressed class ptrs, g1 gc, windows-amd64)
# No core dump will be written. Minidumps are not enabled by default on client versions of Windows
#

---------------  S U M M A R Y ------------

Command Line: org.jetbrains.kotlin.cli.jvm.K2JVMCompiler @C:\Users\User\AndroidStudioProjects\KakulatorUTMJ\app\build\20251118_13139292108733542336.compiler.options

Host: Intel(R) Core(TM) i5-6300U CPU @ 2.40GHz, 4 cores, 3G,  Windows 10 , 64 bit Build 19041 (10.0.19041.5915)
Time: Tue Nov 18 13:16:41 2025 SE Asia Standard Time elapsed time: 0.032099 seconds (0d 0h 0m 0s)

---------------  T H R E A D  ---------------

Current thread (0x00000161bc42d7e0):  JavaThread "Unknown thread" [_thread_in_vm, id=13400, stack(0x0000005e31300000,0x0000005e31400000) (1024K)]

Stack: [0x0000005e31300000,0x0000005e31400000]
Native frames: (J=compiled Java code, j=interpreted, Vv=VM code, C=native code)
V  [jvm.dll+0x6d25c9]
V  [jvm.dll+0x860923]
V  [jvm.dll+0x862e7e]
V  [jvm.dll+0x863563]
V  [jvm.dll+0x27f156]
V  [jvm.dll+0x6ceee5]
V  [jvm.dll+0x6c29aa]
V  [jvm.dll+0x355ebb]
V  [jvm.dll+0x35db16]
V  [jvm.dll+0x3afb16]
V  [jvm.dll+0x3afde8]
V  [jvm.dll+0x32855c]
V  [jvm.dll+0x32924b]
V  [jvm.dll+0x828379]
V  [jvm.dll+0x3bcce8]
V  [jvm.dll+0x811628]
V  [jvm.dll+0x45121e]
V  [jvm.dll+0x452981]
C  [jli.dll+0x52ab]
C  [ucrtbase.dll+0x21bb2]
C  [KERNEL32.DLL+0x17374]
C  [ntdll.dll+0x4cc91]


---------------  P R O C E S S  ---------------

Threads class SMR info:
_java_thread_list=0x00007ffff8a94888, length=0, elements={
}

Java Threads: ( => current thread )
Total: 0

Other Threads:
  0x00000161bc461f20 WorkerThread "GC Thread#0"                     [id=2416, stack(0x0000005e31400000,0x0000005e31500000) (1024K)]
  0x00000161bc46b390 ConcurrentGCThread "G1 Main Marker"            [id=12068, stack(0x0000005e31500000,0x0000005e31600000) (1024K)]
  0x00000161bc46be90 WorkerThread "G1 Conc#0"                       [id=15064, stack(0x0000005e31600000,0x0000005e31700000) (1024K)]

[error occurred during error reporting (printing all threads), id 0xc0000005, EXCEPTION_ACCESS_VIOLATION (0xc0000005) at pc=0x00007ffff828b5b7]
VM state: not at safepoint (not fully initialized)

VM Mutex/Monitor currently owned by a thread:  ([mutex/lock_event])
[0x00007ffff8b01568] Heap_lock - owner thread: 0x00000161bc42d7e0

Heap address: 0x00000000c1c00000, size: 996 MB, Compressed Oops mode: 32-bit

CDS archive(s) mapped at: [0x0000000000000000-0x0000000000000000-0x0000000000000000), size 0, SharedBaseAddress: 0x0000000800000000, ArchiveRelocationMode: 1.
Narrow klass base: 0x0000000000000000, Narrow klass shift: 0, Narrow klass range: 0x0

GC Precious Log:
 CardTable entry size: 512
 Card Set container configuration: InlinePtr #cards 5 size 8 Array Of Cards #cards 12 size 40 Howl #buckets 4 coarsen threshold 1843 Howl Bitmap #cards 512 size 80 coarsen threshold 460 Card regions per heap region 1 cards per card region 2048

Heap:
 garbage-first heap   total 0K, used 0K [0x00000000c1c00000, 0x0000000100000000)
  region size 1024K, 0 young (0K), 0 survivors (0K)
 Metaspace       used 0K, committed 0K, reserved 0K
  class space    used 0K, committed 0K, reserved 0K

Heap Regions: E=young(eden), S=young(survivor), O=old, HS=humongous(starts), HC=humongous(continues), CS=collection set, F=free, TAMS=top-at-mark-start, PB=parsable bottom

Card table byte_map: [0x00000161ce790000,0x00000161ce990000] _byte_map_base: 0x00000161ce182000

Marking Bits: (CMBitMap*) 0x00000161bc462620
 Bits: [0x00000161ce990000, 0x00000161cf920000)

GC Heap History (0 events):
No events

Dll operation events (1 events):
Event: 0.020 Loaded shared library C:\Program Files\Android\Android Studio\jbr\bin\java.dll

Deoptimization events (0 events):
No events

Classes loaded (0 events):
No events

Classes unloaded (0 events):
No events

Classes redefined (0 events):
No events

Internal exceptions (0 events):
No events

ZGC Phase Switch (0 events):
No events

VM Operations (0 events):
No events

Memory protections (0 events):
No events

Nmethod flushes (0 events):
No events

Events (0 events):
No events


Dynamic libraries:
0x00007ff6bd8d0000 - 0x00007ff6bd8da000 	C:\Program Files\Android\Android Studio\jbr\bin\java.exe
0x00007ff88dc10000 - 0x00007ff88de08000 	C:\WINDOWS\SYSTEM32\ntdll.dll
0x00007ff88c380000 - 0x00007ff88c442000 	C:\WINDOWS\System32\KERNEL32.DLL
0x00007ff88b8c0000 - 0x00007ff88bbb6000 	C:\WINDOWS\System32\KERNELBASE.dll
0x00007ff88b590000 - 0x00007ff88b690000 	C:\WINDOWS\System32\ucrtbase.dll
0x00007ff886c50000 - 0x00007ff886c68000 	C:\Program Files\Android\Android Studio\jbr\bin\jli.dll
0x00007ff869b20000 - 0x00007ff869b3b000 	C:\Program Files\Android\Android Studio\jbr\bin\VCRUNTIME140.dll
0x00007ff88cbc0000 - 0x00007ff88cd61000 	C:\WINDOWS\System32\USER32.dll
0x00007ff88b440000 - 0x00007ff88b462000 	C:\WINDOWS\System32\win32u.dll
0x00007ff88cb90000 - 0x00007ff88cbbb000 	C:\WINDOWS\System32\GDI32.dll
0x00007ff88b470000 - 0x00007ff88b589000 	C:\WINDOWS\System32\gdi32full.dll
0x00007ff88b710000 - 0x00007ff88b7ad000 	C:\WINDOWS\System32\msvcp_win.dll
0x00007ff88a730000 - 0x00007ff88a9cb000 	C:\WINDOWS\WinSxS\amd64_microsoft.windows.common-controls_6595b64144ccf1df_6.0.19041.6456_none_60b8a6cb71f64256\COMCTL32.dll
0x00007ff88c2e0000 - 0x00007ff88c37e000 	C:\WINDOWS\System32\msvcrt.dll
0x00007ff88d6d0000 - 0x00007ff88d6ff000 	C:\WINDOWS\System32\IMM32.DLL
0x00007ff86cdb0000 - 0x00007ff86cdbc000 	C:\Program Files\Android\Android Studio\jbr\bin\vcruntime140_1.dll
0x00007ff84d830000 - 0x00007ff84d8bd000 	C:\Program Files\Android\Android Studio\jbr\bin\msvcp140.dll
0x00007ffff7f50000 - 0x00007ffff8bde000 	C:\Program Files\Android\Android Studio\jbr\bin\server\jvm.dll
0x00007ff88bde0000 - 0x00007ff88be91000 	C:\WINDOWS\System32\ADVAPI32.dll
0x00007ff88c590000 - 0x00007ff88c62f000 	C:\WINDOWS\System32\sechost.dll
0x00007ff88c450000 - 0x00007ff88c570000 	C:\WINDOWS\System32\RPCRT4.dll
0x00007ff88b7b0000 - 0x00007ff88b7d7000 	C:\WINDOWS\System32\bcrypt.dll
0x00007ff88cb20000 - 0x00007ff88cb8b000 	C:\WINDOWS\System32\WS2_32.dll
0x00007ff88b140000 - 0x00007ff88b18b000 	C:\WINDOWS\SYSTEM32\POWRPROF.dll
0x00007ff86e730000 - 0x00007ff86e757000 	C:\WINDOWS\SYSTEM32\WINMM.dll
0x00007ff884fc0000 - 0x00007ff884fca000 	C:\WINDOWS\SYSTEM32\VERSION.dll
0x00007ff88b120000 - 0x00007ff88b132000 	C:\WINDOWS\SYSTEM32\UMPDC.dll
0x00007ff888b60000 - 0x00007ff888b72000 	C:\WINDOWS\SYSTEM32\kernel.appcore.dll
0x00007ff86cc30000 - 0x00007ff86cc3a000 	C:\Program Files\Android\Android Studio\jbr\bin\jimage.dll
0x00007ff88acd0000 - 0x00007ff88aed1000 	C:\WINDOWS\SYSTEM32\DBGHELP.DLL
0x00007ff88aae0000 - 0x00007ff88ab14000 	C:\WINDOWS\SYSTEM32\dbgcore.DLL
0x00007ff88b7e0000 - 0x00007ff88b862000 	C:\WINDOWS\System32\bcryptPrimitives.dll
0x00007ff869a90000 - 0x00007ff869ab0000 	C:\Program Files\Android\Android Studio\jbr\bin\java.dll

dbghelp: loaded successfully - version: 4.0.5 - missing functions: none
symbol engine: initialized successfully - sym options: 0x614 - pdb path: .;C:\Program Files\Android\Android Studio\jbr\bin;C:\WINDOWS\SYSTEM32;C:\WINDOWS\WinSxS\amd64_microsoft.windows.common-controls_6595b64144ccf1df_6.0.19041.6456_none_60b8a6cb71f64256;C:\Program Files\Android\Android Studio\jbr\bin\server

VM Arguments:
java_command: org.jetbrains.kotlin.cli.jvm.K2JVMCompiler @C:\Users\User\AndroidStudioProjects\KakulatorUTMJ\app\build\20251118_13139292108733542336.compiler.options
java_class_path (initial): C:\Users\User\.gradle\caches\modules-2\files-2.1\org.jetbrains.kotlin\kotlin-compiler-embeddable\2.0.21\79346ed53db48b18312a472602eb5c057070c54d\kotlin-compiler-embeddable-2.0.21.jar;C:\Users\User\.gradle\caches\modules-2\files-2.1\org.jetbrains.kotlin\kotlin-stdlib\2.0.21\618b539767b4899b4660a83006e052b63f1db551\kotlin-stdlib-2.0.21.jar;C:\Users\User\.gradle\caches\modules-2\files-2.1\org.jetbrains.kotlin\kotlin-script-runtime\2.0.21\c9b044380ad41f89aa89aa896c2d32a8c0b2129d\kotlin-script-runtime-2.0.21.jar;C:\Users\User\.gradle\caches\modules-2\files-2.1\org.jetbrains.kotlin\kotlin-reflect\1.6.10\1cbe9c92c12a94eea200d23c2bbaedaf3daf5132\kotlin-reflect-1.6.10.jar;C:\Users\User\.gradle\caches\modules-2\files-2.1\org.jetbrains.kotlin\kotlin-daemon-embeddable\2.0.21\c9e933b23287de9b5a17e2116b4657bb91aea72c\kotlin-daemon-embeddable-2.0.21.jar;C:\Users\User\.gradle\caches\modules-2\files-2.1\org.jetbrains.intellij.deps\trove4j\1.0.20200330\3afb14d5f9ceb459d724e907a21145e8ff394f02\trove4j-1.0.20200330.jar;C:\Users\User\.gradle\caches\modules-2\files-2.1\org.jetbrains.kotlinx\kotlinx-coroutines-core-jvm\1.6.4\2c997cd1c0ef33f3e751d3831929aeff1390cb30\kotlinx-coroutines-core-jvm-1.6.4.jar;C:\Users\User\.gradle\caches\modules-2\files-2.1\org.jetbrains\annotations\13.0\919f0dfe192fb4e063e7dacadee7f8bb9a2672a9\annotations-13.0.jar
Launcher Type: SUN_STANDARD

[Global flags]
     intx CICompilerCount                          = 3                                         {product} {ergonomic}
     uint ConcGCThreads                            = 1                                         {product} {ergonomic}
     uint G1ConcRefinementThreads                  = 4                                         {product} {ergonomic}
   size_t G1HeapRegionSize                         = 1048576                                   {product} {ergonomic}
    uintx GCDrainStackTargetSize                   = 64                                        {product} {ergonomic}
   size_t InitialHeapSize                          = 67108864                                  {product} {ergonomic}
   size_t MarkStackSize                            = 4194304                                   {product} {ergonomic}
   size_t MaxHeapSize                              = 1044381696                                {product} {ergonomic}
   size_t MinHeapDeltaBytes                        = 1048576                                   {product} {ergonomic}
   size_t MinHeapSize                              = 8388608                                   {product} {ergonomic}
    uintx NonNMethodCodeHeapSize                   = 5832780                                {pd product} {ergonomic}
    uintx NonProfiledCodeHeapSize                  = 122912730                              {pd product} {ergonomic}
    uintx ProfiledCodeHeapSize                     = 122912730                              {pd product} {ergonomic}
    uintx ReservedCodeCacheSize                    = 251658240                              {pd product} {ergonomic}
     bool SegmentedCodeCache                       = true                                      {product} {ergonomic}
   size_t SoftMaxHeapSize                          = 1044381696                             {manageable} {ergonomic}
     bool UseCompressedOops                        = true                           {product lp64_product} {ergonomic}
     bool UseG1GC                                  = true                                      {product} {ergonomic}
     bool UseLargePagesIndividualAllocation        = false                                  {pd product} {ergonomic}

Logging:
Log output configuration:
 #0: stdout all=warning uptime,level,tags foldmultilines=false
 #1: stderr all=off uptime,level,tags foldmultilines=false

Environment Variables:
PATH=C:\Program Files (x86)\VMware\VMware Workstation\bin\;C:\Program Files (x86)\Common Files\Oracle\Java\java8path;C:\Program Files (x86)\Common Files\Oracle\Java\javapath;C:\WINDOWS\system32;C:\WINDOWS;C:\WINDOWS\System32\Wbem;C:\WINDOWS\System32\WindowsPowerShell\v1.0\;C:\WINDOWS\System32\OpenSSH\;C:\Program Files\Git\cmd;C:\Users\User\AppData\Local\Programs\Python\Launcher\;C:\Users\User\AppData\Local\Microsoft\WindowsApps;C:\Users\User\AppData\Local\Programs\Microsoft VS Code\bin
USERNAME=Dini mangunsong
OS=Windows_NT
PROCESSOR_IDENTIFIER=Intel64 Family 6 Model 78 Stepping 3, GenuineIntel
TMP=C:\Users\User\AppData\Local\Temp
TEMP=C:\Users\User\AppData\Local\Temp




Periodic native trim disabled

JNI global refs:
JNI global refs: 0, weak refs: 0

JNI global refs memory usage: 0, weak refs: 0

Process memory usage:
Resident Set Size: 10152K (0% of 4072028K total physical memory with 344204K free physical memory)

OOME stack traces (most recent first):
Classloader memory used:

---------------  S Y S T E M  ---------------

OS:
 Windows 10 , 64 bit Build 19041 (10.0.19041.5915)
OS uptime: 0 days 5:02 hours

CPU: total 4 (initial active 4) (2 cores per cpu, 2 threads per core) family 6 model 78 stepping 3 microcode 0xcc, cx8, cmov, fxsr, ht, mmx, 3dnowpref, sse, sse2, sse3, ssse3, sse4.1, sse4.2, popcnt, lzcnt, tsc, tscinvbit, avx, avx2, aes, erms, clmul, bmi1, bmi2, rtm, adx, fma, vzeroupper, clflush, clflushopt, rdtscp, f16c
Processor Information for the first 4 processors :
  Max Mhz: 2496, Current Mhz: 2396, Mhz Limit: 2396

Memory: 4k page, system-wide physical 3976M (336M free)
TotalPageFile size 10226M (AvailPageFile size 50M)
current process WorkingSet (physical memory assigned to process): 9M, peak: 9M
current process commit charge ("private bytes"): 51M, peak: 115M

vm_info: OpenJDK 64-Bit Server VM (21.0.7+-13880790-b1038.58) for windows-amd64 JRE (21.0.7+-13880790-b1038.58), built on 2025-08-04T20:56:21Z by "builder" with MS VC++ 16.10 / 16.11 (VS2019)

END.
