#
# There is insufficient memory for the Java Runtime Environment to continue.
# Native memory allocation (malloc) failed to allocate 290176 bytes. Error detail: Chunk::new
# Possible reasons:
#   The system is out of physical RAM or swap space
#   This process is running with CompressedOops enabled, and the Java Heap may be blocking the growth of the native heap
# Possible solutions:
#   Reduce memory load on the system
#   Increase physical memory or swap space
#   Check if swap backing store is full
#   Decrease Java heap size (-Xmx/-Xms)
#   Decrease number of Java threads
#   Decrease Java thread stack sizes (-Xss)
#   Set larger code cache with -XX:ReservedCodeCacheSize=
#   JVM is running with Unscaled Compressed Oops mode in which the Java heap is
#     placed in the first 4GB address space. The Java Heap base address is the
#     maximum limit for the native heap growth. Please use -XX:HeapBaseMinAddress
#     to set the Java Heap base and to place the Java Heap above 4GB virtual address.
# This output file may be truncated or incomplete.
#
#  Out of Memory Error (arena.cpp:168), pid=14988, tid=8184
#
# JRE version: OpenJDK Runtime Environment (21.0.7) (build 21.0.7+-13880790-b1038.58)
# Java VM: OpenJDK 64-Bit Server VM (21.0.7+-13880790-b1038.58, mixed mode, tiered, compressed oops, compressed class ptrs, g1 gc, windows-amd64)
# No core dump will be written. Minidumps are not enabled by default on client versions of Windows
#

---------------  S U M M A R Y ------------

Command Line: --add-opens=java.base/java.lang=ALL-UNNAMED --add-opens=java.base/java.lang.invoke=ALL-UNNAMED --add-opens=java.base/java.util=ALL-UNNAMED --add-opens=java.prefs/java.util.prefs=ALL-UNNAMED --add-exports=jdk.compiler/com.sun.tools.javac.api=ALL-UNNAMED --add-exports=jdk.compiler/com.sun.tools.javac.util=ALL-UNNAMED --add-opens=java.base/java.util=ALL-UNNAMED --add-opens=java.prefs/java.util.prefs=ALL-UNNAMED --add-opens=java.base/java.nio.charset=ALL-UNNAMED --add-opens=java.base/java.net=ALL-UNNAMED --add-opens=java.base/java.util.concurrent.atomic=ALL-UNNAMED --add-opens=java.xml/javax.xml.namespace=ALL-UNNAMED -Xmx2048m -Dfile.encoding=UTF-8 -Duser.country=US -Duser.language=en -Duser.variant -javaagent:C:\Users\User\.gradle\wrapper\dists\gradle-8.13-bin\5xuhj0ry160q40clulazy9h7d\gradle-8.13\lib\agents\gradle-instrumentation-agent-8.13.jar org.gradle.launcher.daemon.bootstrap.GradleDaemon 8.13

Host: Intel(R) Core(TM) i5-6300U CPU @ 2.40GHz, 4 cores, 3G,  Windows 10 , 64 bit Build 19041 (10.0.19041.5915)
Time: Tue Nov 18 12:33:46 2025 SE Asia Standard Time elapsed time: 58.283274 seconds (0d 0h 0m 58s)

---------------  T H R E A D  ---------------

Current thread (0x000002f2f89dd150):  JavaThread "C2 CompilerThread0" daemon [_thread_in_native, id=8184, stack(0x000000f55bf00000,0x000000f55c000000) (1024K)]


Current CompileTask:
C2:58283 14465       4       org.gradle.tooling.internal.provider.runner.ClientBuildEventGenerator::started (168 bytes)

Stack: [0x000000f55bf00000,0x000000f55c000000]
Native frames: (J=compiled Java code, j=interpreted, Vv=VM code, C=native code)
V  [jvm.dll+0x6d25c9]
V  [jvm.dll+0x860923]
V  [jvm.dll+0x862e7e]
V  [jvm.dll+0x863563]
V  [jvm.dll+0x27f156]
V  [jvm.dll+0xc002d]
V  [jvm.dll+0xc0563]
V  [jvm.dll+0x2f31f0]
V  [jvm.dll+0x5fc309]
V  [jvm.dll+0x250f82]
V  [jvm.dll+0x25133f]
V  [jvm.dll+0x249ae5]
V  [jvm.dll+0x24733e]
V  [jvm.dll+0x1c5fb4]
V  [jvm.dll+0x256bac]
V  [jvm.dll+0x2550f6]
V  [jvm.dll+0x3f1d16]
V  [jvm.dll+0x808d08]
V  [jvm.dll+0x6d0e1d]
C  [ucrtbase.dll+0x21bb2]
C  [KERNEL32.DLL+0x17374]
C  [ntdll.dll+0x4cc91]


---------------  P R O C E S S  ---------------

Threads class SMR info:
_java_thread_list=0x000002f287543ad0, length=70, elements={
0x000002f2e19e1b10, 0x000002f2f89a8070, 0x000002f2f886afd0, 0x000002f2f886dd00,
0x000002f2f89bbf90, 0x000002f2f89bc600, 0x000002f2f89bd060, 0x000002f2f89cfba0,
0x000002f2f89dd150, 0x000002f2f89ddbf0, 0x000002f2f8cb3b00, 0x000002f2fdf48930,
0x000002f2fe9745b0, 0x000002f2fea63370, 0x000002f2fe8f6320, 0x000002f2fea84e10,
0x000002f2fea6bbf0, 0x000002f2fea0fe00, 0x000002f2fe98a3b0, 0x000002f2fe986f30,
0x000002f2fe9875c0, 0x000002f2fe989d20, 0x000002f2fe987c50, 0x000002f2fe989000,
0x000002f2fe9882e0, 0x000002f2fe989690, 0x000002f2ff2a8370, 0x000002f2ff2a2790,
0x000002f2ff2a41d0, 0x000002f2ff2a2e20, 0x000002f2ff2a2100, 0x000002f2ff2a7ce0,
0x000002f2ff2a8a00, 0x000002f2ff2a7650, 0x000002f2ff2a1a70, 0x000002f2ff2a6930,
0x000002f2ff2a3b40, 0x000002f2ff2a6fc0, 0x000002f2ff2a62a0, 0x000002f2ff2a34b0,
0x000002f2ff2a4ef0, 0x000002f28113d8a0, 0x000002f281140d20, 0x000002f2811413b0,
0x000002f28113ec50, 0x000002f28113cb80, 0x000002f2811420d0, 0x000002f28113d210,
0x000002f281143b10, 0x000002f28113f970, 0x000002f28113df30, 0x000002f28113e5c0,
0x000002f28113f2e0, 0x000002f281140690, 0x000002f2816684e0, 0x000002f2816677c0,
0x000002f281665d80, 0x000002f28052ade0, 0x000002f280528d10, 0x000002f28052dbd0,
0x000002f28052ef80, 0x000002f28052f610, 0x000002f28052b470, 0x000002f281dbc1d0,
0x000002f28166ac40, 0x000002f28166b960, 0x000002f281667130, 0x000002f2ff2a5580,
0x000002f2883685b0, 0x000002f2883664e0
}

Java Threads: ( => current thread )
  0x000002f2e19e1b10 JavaThread "main"                              [_thread_blocked, id=3332, stack(0x000000f55b000000,0x000000f55b100000) (1024K)]
  0x000002f2f89a8070 JavaThread "Common-Cleaner"             daemon [_thread_blocked, id=6924, stack(0x000000f55b800000,0x000000f55b900000) (1024K)]
  0x000002f2f886afd0 JavaThread "Reference Handler"          daemon [_thread_blocked, id=3296, stack(0x000000f55b900000,0x000000f55ba00000) (1024K)]
  0x000002f2f886dd00 JavaThread "Finalizer"                  daemon [_thread_blocked, id=12224, stack(0x000000f55ba00000,0x000000f55bb00000) (1024K)]
  0x000002f2f89bbf90 JavaThread "Signal Dispatcher"          daemon [_thread_blocked, id=3580, stack(0x000000f55bb00000,0x000000f55bc00000) (1024K)]
  0x000002f2f89bc600 JavaThread "Attach Listener"            daemon [_thread_blocked, id=10724, stack(0x000000f55bc00000,0x000000f55bd00000) (1024K)]
  0x000002f2f89bd060 JavaThread "Service Thread"             daemon [_thread_in_vm, id=13600, stack(0x000000f55bd00000,0x000000f55be00000) (1024K)]
  0x000002f2f89cfba0 JavaThread "Monitor Deflation Thread"   daemon [_thread_blocked, id=14940, stack(0x000000f55be00000,0x000000f55bf00000) (1024K)]
=>0x000002f2f89dd150 JavaThread "C2 CompilerThread0"         daemon [_thread_in_native, id=8184, stack(0x000000f55bf00000,0x000000f55c000000) (1024K)]
  0x000002f2f89ddbf0 JavaThread "C1 CompilerThread0"         daemon [_thread_blocked, id=8024, stack(0x000000f55c000000,0x000000f55c100000) (1024K)]
  0x000002f2f8cb3b00 JavaThread "Notification Thread"        daemon [_thread_blocked, id=14056, stack(0x000000f55c100000,0x000000f55c200000) (1024K)]
  0x000002f2fdf48930 JavaThread "Daemon health stats"               [_thread_blocked, id=14212, stack(0x000000f55c500000,0x000000f55c600000) (1024K)]
  0x000002f2fe9745b0 JavaThread "Incoming local TCP Connector on port 2802"        [_thread_in_native, id=8264, stack(0x000000f55c600000,0x000000f55c700000) (1024K)]
  0x000002f2fea63370 JavaThread "Daemon periodic checks"            [_thread_blocked, id=14644, stack(0x000000f55c700000,0x000000f55c800000) (1024K)]
  0x000002f2fe8f6320 JavaThread "Daemon"                            [_thread_blocked, id=14300, stack(0x000000f55c800000,0x000000f55c900000) (1024K)]
  0x000002f2fea84e10 JavaThread "Handler for socket connection from /127.0.0.1:2802 to /127.0.0.1:2803"        [_thread_in_native, id=1364, stack(0x000000f55c900000,0x000000f55ca00000) (1024K)]
  0x000002f2fea6bbf0 JavaThread "Cancel handler"                    [_thread_blocked, id=1160, stack(0x000000f55ca00000,0x000000f55cb00000) (1024K)]
  0x000002f2fea0fe00 JavaThread "Daemon worker"                     [_thread_blocked, id=4684, stack(0x000000f55cb00000,0x000000f55cc00000) (1024K)]
  0x000002f2fe98a3b0 JavaThread "Asynchronous log dispatcher for DefaultDaemonConnection: socket connection from /127.0.0.1:2802 to /127.0.0.1:2803"        [_thread_blocked, id=9752, stack(0x000000f55cc00000,0x000000f55cd00000) (1024K)]
  0x000002f2fe986f30 JavaThread "Stdin handler"                     [_thread_blocked, id=8, stack(0x000000f55cd00000,0x000000f55ce00000) (1024K)]
  0x000002f2fe9875c0 JavaThread "Daemon client event forwarder"        [_thread_blocked, id=6828, stack(0x000000f55ce00000,0x000000f55cf00000) (1024K)]
  0x000002f2fe989d20 JavaThread "Cache worker for journal cache (C:\Users\User\.gradle\caches\journal-1)"        [_thread_blocked, id=14292, stack(0x000000f55cf00000,0x000000f55d000000) (1024K)]
  0x000002f2fe987c50 JavaThread "File lock request listener"        [_thread_in_native, id=13720, stack(0x000000f55d000000,0x000000f55d100000) (1024K)]
  0x000002f2fe989000 JavaThread "Cache worker for file hash cache (C:\Users\User\.gradle\caches\8.13\fileHashes)"        [_thread_blocked, id=15000, stack(0x000000f55d100000,0x000000f55d200000) (1024K)]
  0x000002f2fe9882e0 JavaThread "Cache worker for file hash cache (C:\Users\User\AndroidStudioProjects\KakulatorUTMJ\.gradle\8.13\fileHashes)"        [_thread_blocked, id=12012, stack(0x000000f55d200000,0x000000f55d300000) (1024K)]
  0x000002f2fe989690 JavaThread "Cache worker for Build Output Cleanup Cache (C:\Users\User\AndroidStudioProjects\KakulatorUTMJ\.gradle\buildOutputCleanup)"        [_thread_blocked, id=8896, stack(0x000000f55d300000,0x000000f55d400000) (1024K)]
  0x000002f2ff2a8370 JavaThread "File watcher server"        daemon [_thread_in_native, id=15016, stack(0x000000f55d400000,0x000000f55d500000) (1024K)]
  0x000002f2ff2a2790 JavaThread "File watcher consumer"      daemon [_thread_blocked, id=3124, stack(0x000000f55d500000,0x000000f55d600000) (1024K)]
  0x000002f2ff2a41d0 JavaThread "jar transforms"                    [_thread_blocked, id=14180, stack(0x000000f55d600000,0x000000f55d700000) (1024K)]
  0x000002f2ff2a2e20 JavaThread "jar transforms Thread 2"           [_thread_blocked, id=14648, stack(0x000000f55d700000,0x000000f55d800000) (1024K)]
  0x000002f2ff2a2100 JavaThread "Cache worker for checksums cache (C:\Users\User\AndroidStudioProjects\KakulatorUTMJ\.gradle\8.13\checksums)"        [_thread_blocked, id=14656, stack(0x000000f55d800000,0x000000f55d900000) (1024K)]
  0x000002f2ff2a7ce0 JavaThread "Cache worker for file content cache (C:\Users\User\.gradle\caches\8.13\fileContent)"        [_thread_blocked, id=8212, stack(0x000000f55d900000,0x000000f55da00000) (1024K)]
  0x000002f2ff2a8a00 JavaThread "jar transforms Thread 3"           [_thread_blocked, id=5284, stack(0x000000f55da00000,0x000000f55db00000) (1024K)]
  0x000002f2ff2a7650 JavaThread "Cache worker for cache directory md-supplier (C:\Users\User\.gradle\caches\8.13\md-supplier)"        [_thread_blocked, id=13056, stack(0x000000f55db00000,0x000000f55dc00000) (1024K)]
  0x000002f2ff2a1a70 JavaThread "Cache worker for cache directory md-rule (C:\Users\User\.gradle\caches\8.13\md-rule)"        [_thread_blocked, id=11348, stack(0x000000f55dc00000,0x000000f55dd00000) (1024K)]
  0x000002f2ff2a6930 JavaThread "Unconstrained build operations"        [_thread_blocked, id=10224, stack(0x000000f55dd00000,0x000000f55de00000) (1024K)]
  0x000002f2ff2a3b40 JavaThread "Unconstrained build operations Thread 2"        [_thread_blocked, id=10244, stack(0x000000f55de00000,0x000000f55df00000) (1024K)]
  0x000002f2ff2a6fc0 JavaThread "Unconstrained build operations Thread 3"        [_thread_blocked, id=8780, stack(0x000000f55df00000,0x000000f55e000000) (1024K)]
  0x000002f2ff2a62a0 JavaThread "Unconstrained build operations Thread 4"        [_thread_blocked, id=10252, stack(0x000000f55e000000,0x000000f55e100000) (1024K)]
  0x000002f2ff2a34b0 JavaThread "Unconstrained build operations Thread 5"        [_thread_blocked, id=10604, stack(0x000000f55e100000,0x000000f55e200000) (1024K)]
  0x000002f2ff2a4ef0 JavaThread "Unconstrained build operations Thread 6"        [_thread_blocked, id=1948, stack(0x000000f55e200000,0x000000f55e300000) (1024K)]
  0x000002f28113d8a0 JavaThread "jar transforms Thread 4"           [_thread_blocked, id=11244, stack(0x000000f55e300000,0x000000f55e400000) (1024K)]
  0x000002f281140d20 JavaThread "Unconstrained build operations Thread 7"        [_thread_blocked, id=11228, stack(0x000000f55e400000,0x000000f55e500000) (1024K)]
  0x000002f2811413b0 JavaThread "Unconstrained build operations Thread 8"        [_thread_blocked, id=6776, stack(0x000000f55e500000,0x000000f55e600000) (1024K)]
  0x000002f28113ec50 JavaThread "Unconstrained build operations Thread 9"        [_thread_blocked, id=11108, stack(0x000000f55e600000,0x000000f55e700000) (1024K)]
  0x000002f28113cb80 JavaThread "Unconstrained build operations Thread 10"        [_thread_blocked, id=7636, stack(0x000000f55e800000,0x000000f55e900000) (1024K)]
  0x000002f2811420d0 JavaThread "Unconstrained build operations Thread 11"        [_thread_blocked, id=7320, stack(0x000000f55e900000,0x000000f55ea00000) (1024K)]
  0x000002f28113d210 JavaThread "Unconstrained build operations Thread 12"        [_thread_blocked, id=908, stack(0x000000f55ea00000,0x000000f55eb00000) (1024K)]
  0x000002f281143b10 JavaThread "Unconstrained build operations Thread 13"        [_thread_blocked, id=14040, stack(0x000000f55eb00000,0x000000f55ec00000) (1024K)]
  0x000002f28113f970 JavaThread "Unconstrained build operations Thread 14"        [_thread_blocked, id=12044, stack(0x000000f55ec00000,0x000000f55ed00000) (1024K)]
  0x000002f28113df30 JavaThread "Unconstrained build operations Thread 15"        [_thread_blocked, id=13276, stack(0x000000f55ed00000,0x000000f55ee00000) (1024K)]
  0x000002f28113e5c0 JavaThread "Unconstrained build operations Thread 16"        [_thread_blocked, id=14384, stack(0x000000f55ee00000,0x000000f55ef00000) (1024K)]
  0x000002f28113f2e0 JavaThread "Unconstrained build operations Thread 17"        [_thread_blocked, id=12940, stack(0x000000f55ef00000,0x000000f55f000000) (1024K)]
  0x000002f281140690 JavaThread "Unconstrained build operations Thread 18"        [_thread_blocked, id=14188, stack(0x000000f55f000000,0x000000f55f100000) (1024K)]
  0x000002f2816684e0 JavaThread "build event listener"              [_thread_in_vm, id=8880, stack(0x000000f55f100000,0x000000f55f200000) (1024K)]
  0x000002f2816677c0 JavaThread "Memory manager"                    [_thread_blocked, id=6984, stack(0x000000f55f200000,0x000000f55f300000) (1024K)]
  0x000002f281665d80 JavaThread "build event listener"              [_thread_blocked, id=8244, stack(0x000000f55f300000,0x000000f55f400000) (1024K)]
  0x000002f28052ade0 JavaThread "pool-3-thread-1"                   [_thread_blocked, id=13476, stack(0x000000f55f600000,0x000000f55f700000) (1024K)]
  0x000002f280528d10 JavaThread "build event listener"              [_thread_in_Java, id=13524, stack(0x000000f55f700000,0x000000f55f800000) (1024K)]
  0x000002f28052dbd0 JavaThread "included builds"                   [_thread_in_Java, id=12692, stack(0x000000f55f800000,0x000000f55f900000) (1024K)]
  0x000002f28052ef80 JavaThread "Execution worker"                  [_thread_blocked, id=6672, stack(0x000000f55f900000,0x000000f55fa00000) (1024K)]
  0x000002f28052f610 JavaThread "Execution worker Thread 2"         [_thread_blocked, id=13472, stack(0x000000f55fa00000,0x000000f55fb00000) (1024K)]
  0x000002f28052b470 JavaThread "Execution worker Thread 3"         [_thread_blocked, id=13380, stack(0x000000f55fb00000,0x000000f55fc00000) (1024K)]
  0x000002f281dbc1d0 JavaThread "Cache worker for execution history cache (C:\Users\User\AndroidStudioProjects\KakulatorUTMJ\.gradle\8.13\executionHistory)"        [_thread_blocked, id=14272, stack(0x000000f55fc00000,0x000000f55fd00000) (1024K)]
  0x000002f28166ac40 JavaThread "Unconstrained build operations Thread 19"        [_thread_blocked, id=12784, stack(0x000000f55fd00000,0x000000f55fe00000) (1024K)]
  0x000002f28166b960 JavaThread "Unconstrained build operations Thread 20"        [_thread_blocked, id=5828, stack(0x000000f55fe00000,0x000000f55ff00000) (1024K)]
  0x000002f281667130 JavaThread "Unconstrained build operations Thread 21"        [_thread_blocked, id=13440, stack(0x000000f55ff00000,0x000000f560000000) (1024K)]
  0x000002f2ff2a5580 JavaThread "Unconstrained build operations Thread 22"        [_thread_blocked, id=11864, stack(0x000000f560000000,0x000000f560100000) (1024K)]
  0x000002f2883685b0 JavaThread "Unconstrained build operations Thread 23"        [_thread_blocked, id=3564, stack(0x000000f560100000,0x000000f560200000) (1024K)]
  0x000002f2883664e0 JavaThread "Unconstrained build operations Thread 24"        [_thread_blocked, id=4680, stack(0x000000f560200000,0x000000f560300000) (1024K)]
Total: 70

Other Threads:
  0x000002f2f8823700 VMThread "VM Thread"                           [id=12488, stack(0x000000f55b700000,0x000000f55b800000) (1024K)]
  0x000002f2f87938c0 WatcherThread "VM Periodic Task Thread"        [id=11640, stack(0x000000f55b600000,0x000000f55b700000) (1024K)]
  0x000002f2e1a369e0 WorkerThread "GC Thread#0"                     [id=14236, stack(0x000000f55b100000,0x000000f55b200000) (1024K)]
  0x000002f2f8d9bd30 WorkerThread "GC Thread#1"                     [id=6548, stack(0x000000f55c200000,0x000000f55c300000) (1024K)]
  0x000002f2fd00c680 WorkerThread "GC Thread#2"                     [id=13736, stack(0x000000f55c300000,0x000000f55c400000) (1024K)]
  0x000002f2fd8d5bb0 WorkerThread "GC Thread#3"                     [id=2544, stack(0x000000f55c400000,0x000000f55c500000) (1024K)]
  0x000002f2e1a481e0 ConcurrentGCThread "G1 Main Marker"            [id=9572, stack(0x000000f55b200000,0x000000f55b300000) (1024K)]
  0x000002f2e1a48bf0 WorkerThread "G1 Conc#0"                       [id=15068, stack(0x000000f55b300000,0x000000f55b400000) (1024K)]
  0x000002f2e1aa2120 ConcurrentGCThread "G1 Refine#0"               [id=8240, stack(0x000000f55b400000,0x000000f55b500000) (1024K)]
  0x000002f2e1aa2ba0 ConcurrentGCThread "G1 Service"                [id=5484, stack(0x000000f55b500000,0x000000f55b600000) (1024K)]
Total: 10

Threads with active compile tasks:
C2 CompilerThread0  58367 14465       4       org.gradle.tooling.internal.provider.runner.ClientBuildEventGenerator::started (168 bytes)
C1 CompilerThread0  58368 14512   !   3       java.io.PrintWriter::println (87 bytes)
Total: 2

VM state: not at safepoint (normal execution)

VM Mutex/Monitor currently owned by a thread: None

OutOfMemory and StackOverflow Exception counts:
OutOfMemoryError java_heap_errors=1
LinkageErrors=230

Heap address: 0x0000000080000000, size: 2048 MB, Compressed Oops mode: 32-bit

CDS archive(s) not mapped
Compressed class space mapped at: 0x0000000100000000-0x0000000140000000, reserved size: 1073741824
Narrow klass base: 0x0000000000000000, Narrow klass shift: 3, Narrow klass range: 0x140000000

GC Precious Log:
 CardTable entry size: 512
 Card Set container configuration: InlinePtr #cards 5 size 8 Array Of Cards #cards 12 size 40 Howl #buckets 4 coarsen threshold 1843 Howl Bitmap #cards 512 size 80 coarsen threshold 460 Card regions per heap region 1 cards per card region 2048
 CPUs: 4 total, 4 available
 Memory: 3976M
 Large Page Support: Disabled
 NUMA Support: Disabled
 Compressed Oops: Enabled (32-bit)
 Heap Region Size: 1M
 Heap Min Capacity: 8M
 Heap Initial Capacity: 64M
 Heap Max Capacity: 2G
 Pre-touch: Disabled
 Parallel Workers: 4
 Concurrent Workers: 1
 Concurrent Refinement Workers: 4
 Periodic GC: Disabled

Heap:
 garbage-first heap   total 215040K, used 139679K [0x0000000080000000, 0x0000000100000000)
  region size 1024K, 19 young (19456K), 7 survivors (7168K)
 Metaspace       used 127521K, committed 129728K, reserved 1179648K
  class space    used 17426K, committed 18560K, reserved 1048576K

Heap Regions: E=young(eden), S=young(survivor), O=old, HS=humongous(starts), HC=humongous(continues), CS=collection set, F=free, TAMS=top-at-mark-start, PB=parsable bottom
|   0|0x0000000080000000, 0x0000000080100000, 0x0000000080100000|100%|HS|  |TAMS 0x0000000080000000| PB 0x0000000080000000| Complete 
|   1|0x0000000080100000, 0x0000000080200000, 0x0000000080200000|100%|HC|  |TAMS 0x0000000080100000| PB 0x0000000080100000| Complete 
|   2|0x0000000080200000, 0x0000000080300000, 0x0000000080300000|100%|HC|  |TAMS 0x0000000080200000| PB 0x0000000080200000| Complete 
|   3|0x0000000080300000, 0x0000000080400000, 0x0000000080400000|100%| O|  |TAMS 0x0000000080300000| PB 0x0000000080300000| Untracked 
|   4|0x0000000080400000, 0x0000000080500000, 0x0000000080500000|100%| O|  |TAMS 0x0000000080400000| PB 0x0000000080400000| Untracked 
|   5|0x0000000080500000, 0x0000000080600000, 0x0000000080600000|100%| O|  |TAMS 0x0000000080500000| PB 0x0000000080500000| Untracked 
|   6|0x0000000080600000, 0x0000000080700000, 0x0000000080700000|100%| O|  |TAMS 0x0000000080600000| PB 0x0000000080600000| Untracked 
|   7|0x0000000080700000, 0x0000000080800000, 0x0000000080800000|100%| O|  |TAMS 0x0000000080700000| PB 0x0000000080700000| Untracked 
|   8|0x0000000080800000, 0x0000000080900000, 0x0000000080900000|100%| O|  |TAMS 0x0000000080800000| PB 0x0000000080800000| Untracked 
|   9|0x0000000080900000, 0x0000000080a00000, 0x0000000080a00000|100%| O|  |TAMS 0x0000000080900000| PB 0x0000000080900000| Untracked 
|  10|0x0000000080a00000, 0x0000000080b00000, 0x0000000080b00000|100%| O|  |TAMS 0x0000000080a00000| PB 0x0000000080a00000| Untracked 
|  11|0x0000000080b00000, 0x0000000080c00000, 0x0000000080c00000|100%|HS|  |TAMS 0x0000000080b00000| PB 0x0000000080b00000| Complete 
|  12|0x0000000080c00000, 0x0000000080d00000, 0x0000000080d00000|100%| O|  |TAMS 0x0000000080c00000| PB 0x0000000080c00000| Untracked 
|  13|0x0000000080d00000, 0x0000000080e00000, 0x0000000080e00000|100%| O|  |TAMS 0x0000000080d00000| PB 0x0000000080d00000| Untracked 
|  14|0x0000000080e00000, 0x0000000080f00000, 0x0000000080f00000|100%| O|  |TAMS 0x0000000080e00000| PB 0x0000000080e00000| Untracked 
|  15|0x0000000080f00000, 0x0000000081000000, 0x0000000081000000|100%| O|  |TAMS 0x0000000080f00000| PB 0x0000000080f00000| Untracked 
|  16|0x0000000081000000, 0x0000000081100000, 0x0000000081100000|100%| O|  |TAMS 0x0000000081000000| PB 0x0000000081000000| Untracked 
|  17|0x0000000081100000, 0x0000000081200000, 0x0000000081200000|100%| O|  |TAMS 0x0000000081100000| PB 0x0000000081100000| Untracked 
|  18|0x0000000081200000, 0x0000000081300000, 0x0000000081300000|100%| O|  |TAMS 0x0000000081200000| PB 0x0000000081200000| Untracked 
|  19|0x0000000081300000, 0x0000000081400000, 0x0000000081400000|100%| O|  |TAMS 0x0000000081300000| PB 0x0000000081300000| Untracked 
|  20|0x0000000081400000, 0x0000000081500000, 0x0000000081500000|100%| O|  |TAMS 0x0000000081400000| PB 0x0000000081400000| Untracked 
|  21|0x0000000081500000, 0x0000000081600000, 0x0000000081600000|100%| O|  |TAMS 0x0000000081500000| PB 0x0000000081500000| Untracked 
|  22|0x0000000081600000, 0x0000000081700000, 0x0000000081700000|100%| O|  |TAMS 0x0000000081600000| PB 0x0000000081600000| Untracked 
|  23|0x0000000081700000, 0x0000000081800000, 0x0000000081800000|100%| O|  |TAMS 0x0000000081700000| PB 0x0000000081700000| Untracked 
|  24|0x0000000081800000, 0x0000000081900000, 0x0000000081900000|100%| O|  |TAMS 0x0000000081800000| PB 0x0000000081800000| Untracked 
|  25|0x0000000081900000, 0x0000000081a00000, 0x0000000081a00000|100%| O|  |TAMS 0x0000000081900000| PB 0x0000000081900000| Untracked 
|  26|0x0000000081a00000, 0x0000000081b00000, 0x0000000081b00000|100%| O|  |TAMS 0x0000000081a00000| PB 0x0000000081a00000| Untracked 
|  27|0x0000000081b00000, 0x0000000081c00000, 0x0000000081c00000|100%| O|  |TAMS 0x0000000081b00000| PB 0x0000000081b00000| Untracked 
|  28|0x0000000081c00000, 0x0000000081d00000, 0x0000000081d00000|100%| O|  |TAMS 0x0000000081c00000| PB 0x0000000081c00000| Untracked 
|  29|0x0000000081d00000, 0x0000000081e00000, 0x0000000081e00000|100%| O|  |TAMS 0x0000000081d00000| PB 0x0000000081d00000| Untracked 
|  30|0x0000000081e00000, 0x0000000081f00000, 0x0000000081f00000|100%| O|  |TAMS 0x0000000081e00000| PB 0x0000000081e00000| Untracked 
|  31|0x0000000081f00000, 0x0000000082000000, 0x0000000082000000|100%| O|  |TAMS 0x0000000081f00000| PB 0x0000000081f00000| Untracked 
|  32|0x0000000082000000, 0x0000000082100000, 0x0000000082100000|100%| O|  |TAMS 0x0000000082000000| PB 0x0000000082000000| Untracked 
|  33|0x0000000082100000, 0x0000000082200000, 0x0000000082200000|100%| O|  |TAMS 0x0000000082100000| PB 0x0000000082100000| Untracked 
|  34|0x0000000082200000, 0x0000000082300000, 0x0000000082300000|100%| O|  |TAMS 0x0000000082200000| PB 0x0000000082200000| Untracked 
|  35|0x0000000082300000, 0x0000000082400000, 0x0000000082400000|100%| O|  |TAMS 0x0000000082300000| PB 0x0000000082300000| Untracked 
|  36|0x0000000082400000, 0x0000000082500000, 0x0000000082500000|100%| O|  |TAMS 0x0000000082400000| PB 0x0000000082400000| Untracked 
|  37|0x0000000082500000, 0x0000000082600000, 0x0000000082600000|100%| O|  |TAMS 0x0000000082500000| PB 0x0000000082500000| Untracked 
|  38|0x0000000082600000, 0x0000000082700000, 0x0000000082700000|100%| O|  |TAMS 0x0000000082600000| PB 0x0000000082600000| Untracked 
|  39|0x0000000082700000, 0x0000000082800000, 0x0000000082800000|100%| O|  |TAMS 0x0000000082700000| PB 0x0000000082700000| Untracked 
|  40|0x0000000082800000, 0x0000000082900000, 0x0000000082900000|100%| O|  |TAMS 0x0000000082800000| PB 0x0000000082800000| Untracked 
|  41|0x0000000082900000, 0x0000000082a00000, 0x0000000082a00000|100%| O|  |TAMS 0x0000000082900000| PB 0x0000000082900000| Untracked 
|  42|0x0000000082a00000, 0x0000000082b00000, 0x0000000082b00000|100%| O|  |TAMS 0x0000000082a00000| PB 0x0000000082a00000| Untracked 
|  43|0x0000000082b00000, 0x0000000082c00000, 0x0000000082c00000|100%| O|  |TAMS 0x0000000082b00000| PB 0x0000000082b00000| Untracked 
|  44|0x0000000082c00000, 0x0000000082d00000, 0x0000000082d00000|100%|HS|  |TAMS 0x0000000082c00000| PB 0x0000000082c00000| Complete 
|  45|0x0000000082d00000, 0x0000000082e00000, 0x0000000082e00000|100%| O|  |TAMS 0x0000000082d00000| PB 0x0000000082d00000| Untracked 
|  46|0x0000000082e00000, 0x0000000082f00000, 0x0000000082f00000|100%| O|  |TAMS 0x0000000082e00000| PB 0x0000000082e00000| Untracked 
|  47|0x0000000082f00000, 0x0000000083000000, 0x0000000083000000|100%| O|  |TAMS 0x0000000082f00000| PB 0x0000000082f00000| Untracked 
|  48|0x0000000083000000, 0x0000000083100000, 0x0000000083100000|100%| O|  |TAMS 0x0000000083000000| PB 0x0000000083000000| Untracked 
|  49|0x0000000083100000, 0x0000000083200000, 0x0000000083200000|100%| O|  |TAMS 0x0000000083100000| PB 0x0000000083100000| Untracked 
|  50|0x0000000083200000, 0x0000000083300000, 0x0000000083300000|100%| O|  |TAMS 0x0000000083200000| PB 0x0000000083200000| Untracked 
|  51|0x0000000083300000, 0x0000000083400000, 0x0000000083400000|100%| O|  |TAMS 0x0000000083300000| PB 0x0000000083300000| Untracked 
|  52|0x0000000083400000, 0x0000000083500000, 0x0000000083500000|100%| O|  |TAMS 0x0000000083400000| PB 0x0000000083400000| Untracked 
|  53|0x0000000083500000, 0x0000000083600000, 0x0000000083600000|100%| O|  |TAMS 0x0000000083500000| PB 0x0000000083500000| Untracked 
|  54|0x0000000083600000, 0x0000000083700000, 0x0000000083700000|100%|HS|  |TAMS 0x0000000083600000| PB 0x0000000083600000| Complete 
|  55|0x0000000083700000, 0x0000000083800000, 0x0000000083800000|100%|HS|  |TAMS 0x0000000083700000| PB 0x0000000083700000| Complete 
|  56|0x0000000083800000, 0x0000000083900000, 0x0000000083900000|100%|HC|  |TAMS 0x0000000083800000| PB 0x0000000083800000| Complete 
|  57|0x0000000083900000, 0x0000000083a00000, 0x0000000083a00000|100%|HS|  |TAMS 0x0000000083900000| PB 0x0000000083900000| Complete 
|  58|0x0000000083a00000, 0x0000000083b00000, 0x0000000083b00000|100%|HC|  |TAMS 0x0000000083a00000| PB 0x0000000083a00000| Complete 
|  59|0x0000000083b00000, 0x0000000083c00000, 0x0000000083c00000|100%|HS|  |TAMS 0x0000000083b00000| PB 0x0000000083b00000| Complete 
|  60|0x0000000083c00000, 0x0000000083d00000, 0x0000000083d00000|100%|HC|  |TAMS 0x0000000083c00000| PB 0x0000000083c00000| Complete 
|  61|0x0000000083d00000, 0x0000000083e00000, 0x0000000083e00000|100%|HC|  |TAMS 0x0000000083d00000| PB 0x0000000083d00000| Complete 
|  62|0x0000000083e00000, 0x0000000083f00000, 0x0000000083f00000|100%|HS|  |TAMS 0x0000000083e00000| PB 0x0000000083e00000| Complete 
|  63|0x0000000083f00000, 0x0000000084000000, 0x0000000084000000|100%| O|  |TAMS 0x0000000083f00000| PB 0x0000000083f00000| Untracked 
|  64|0x0000000084000000, 0x0000000084100000, 0x0000000084100000|100%|HS|  |TAMS 0x0000000084000000| PB 0x0000000084000000| Complete 
|  65|0x0000000084100000, 0x0000000084200000, 0x0000000084200000|100%|HS|  |TAMS 0x0000000084100000| PB 0x0000000084100000| Complete 
|  66|0x0000000084200000, 0x0000000084300000, 0x0000000084300000|100%|HS|  |TAMS 0x0000000084200000| PB 0x0000000084200000| Complete 
|  67|0x0000000084300000, 0x0000000084400000, 0x0000000084400000|100%| O|  |TAMS 0x0000000084300000| PB 0x0000000084300000| Untracked 
|  68|0x0000000084400000, 0x0000000084500000, 0x0000000084500000|100%| O|  |TAMS 0x0000000084400000| PB 0x0000000084400000| Untracked 
|  69|0x0000000084500000, 0x0000000084600000, 0x0000000084600000|100%| O|  |TAMS 0x0000000084500000| PB 0x0000000084500000| Untracked 
|  70|0x0000000084600000, 0x0000000084700000, 0x0000000084700000|100%| O|  |TAMS 0x0000000084600000| PB 0x0000000084600000| Untracked 
|  71|0x0000000084700000, 0x0000000084800000, 0x0000000084800000|100%| O|  |TAMS 0x0000000084700000| PB 0x0000000084700000| Untracked 
|  72|0x0000000084800000, 0x0000000084900000, 0x0000000084900000|100%| O|  |TAMS 0x0000000084800000| PB 0x0000000084800000| Untracked 
|  73|0x0000000084900000, 0x0000000084a00000, 0x0000000084a00000|100%| O|  |TAMS 0x0000000084900000| PB 0x0000000084900000| Untracked 
|  74|0x0000000084a00000, 0x0000000084b00000, 0x0000000084b00000|100%|HS|  |TAMS 0x0000000084a00000| PB 0x0000000084a00000| Complete 
|  75|0x0000000084b00000, 0x0000000084c00000, 0x0000000084c00000|100%| O|  |TAMS 0x0000000084b00000| PB 0x0000000084b00000| Untracked 
|  76|0x0000000084c00000, 0x0000000084d00000, 0x0000000084d00000|100%| O|  |TAMS 0x0000000084c00000| PB 0x0000000084c00000| Untracked 
|  77|0x0000000084d00000, 0x0000000084e00000, 0x0000000084e00000|100%| O|  |TAMS 0x0000000084d00000| PB 0x0000000084d00000| Untracked 
|  78|0x0000000084e00000, 0x0000000084f00000, 0x0000000084f00000|100%| O|  |TAMS 0x0000000084e00000| PB 0x0000000084e00000| Untracked 
|  79|0x0000000084f00000, 0x0000000085000000, 0x0000000085000000|100%| O|  |TAMS 0x0000000084f00000| PB 0x0000000084f00000| Untracked 
|  80|0x0000000085000000, 0x0000000085100000, 0x0000000085100000|100%|HS|  |TAMS 0x0000000085000000| PB 0x0000000085000000| Complete 
|  81|0x0000000085100000, 0x0000000085200000, 0x0000000085200000|100%|HC|  |TAMS 0x0000000085100000| PB 0x0000000085100000| Complete 
|  82|0x0000000085200000, 0x0000000085300000, 0x0000000085300000|100%|HC|  |TAMS 0x0000000085200000| PB 0x0000000085200000| Complete 
|  83|0x0000000085300000, 0x0000000085400000, 0x0000000085400000|100%| O|  |TAMS 0x0000000085300000| PB 0x0000000085300000| Untracked 
|  84|0x0000000085400000, 0x0000000085500000, 0x0000000085500000|100%| O|  |TAMS 0x0000000085400000| PB 0x0000000085400000| Untracked 
|  85|0x0000000085500000, 0x0000000085600000, 0x0000000085600000|100%| O|  |TAMS 0x0000000085500000| PB 0x0000000085500000| Untracked 
|  86|0x0000000085600000, 0x0000000085700000, 0x0000000085700000|100%| O|  |TAMS 0x0000000085600000| PB 0x0000000085600000| Untracked 
|  87|0x0000000085700000, 0x0000000085800000, 0x0000000085800000|100%| O|  |TAMS 0x0000000085700000| PB 0x0000000085700000| Untracked 
|  88|0x0000000085800000, 0x0000000085900000, 0x0000000085900000|100%| O|  |TAMS 0x0000000085800000| PB 0x0000000085800000| Untracked 
|  89|0x0000000085900000, 0x0000000085a00000, 0x0000000085a00000|100%| O|  |TAMS 0x0000000085900000| PB 0x0000000085900000| Untracked 
|  90|0x0000000085a00000, 0x0000000085b00000, 0x0000000085b00000|100%| O|  |TAMS 0x0000000085a00000| PB 0x0000000085a00000| Untracked 
|  91|0x0000000085b00000, 0x0000000085c00000, 0x0000000085c00000|100%| O|  |TAMS 0x0000000085b00000| PB 0x0000000085b00000| Untracked 
|  92|0x0000000085c00000, 0x0000000085d00000, 0x0000000085d00000|100%| O|  |TAMS 0x0000000085c00000| PB 0x0000000085c00000| Untracked 
|  93|0x0000000085d00000, 0x0000000085e00000, 0x0000000085e00000|100%| O|  |TAMS 0x0000000085d00000| PB 0x0000000085d00000| Untracked 
|  94|0x0000000085e00000, 0x0000000085f00000, 0x0000000085f00000|100%| O|  |TAMS 0x0000000085e00000| PB 0x0000000085e00000| Untracked 
|  95|0x0000000085f00000, 0x0000000086000000, 0x0000000086000000|100%| O|  |TAMS 0x0000000085f00000| PB 0x0000000085f00000| Untracked 
|  96|0x0000000086000000, 0x0000000086100000, 0x0000000086100000|100%| O|  |TAMS 0x0000000086000000| PB 0x0000000086000000| Untracked 
|  97|0x0000000086100000, 0x0000000086200000, 0x0000000086200000|100%| O|  |TAMS 0x0000000086100000| PB 0x0000000086100000| Untracked 
|  98|0x0000000086200000, 0x0000000086300000, 0x0000000086300000|100%| O|  |TAMS 0x0000000086200000| PB 0x0000000086200000| Untracked 
|  99|0x0000000086300000, 0x0000000086400000, 0x0000000086400000|100%| O|  |TAMS 0x0000000086300000| PB 0x0000000086300000| Untracked 
| 100|0x0000000086400000, 0x0000000086500000, 0x0000000086500000|100%| O|  |TAMS 0x0000000086400000| PB 0x0000000086400000| Untracked 
| 101|0x0000000086500000, 0x0000000086600000, 0x0000000086600000|100%| O|  |TAMS 0x0000000086500000| PB 0x0000000086500000| Untracked 
| 102|0x0000000086600000, 0x0000000086700000, 0x0000000086700000|100%| O|  |TAMS 0x0000000086600000| PB 0x0000000086600000| Untracked 
| 103|0x0000000086700000, 0x0000000086800000, 0x0000000086800000|100%| O|Cm|TAMS 0x0000000086700000| PB 0x0000000086700000| Complete 
| 104|0x0000000086800000, 0x0000000086900000, 0x0000000086900000|100%| O|  |TAMS 0x0000000086800000| PB 0x0000000086800000| Untracked 
| 105|0x0000000086900000, 0x0000000086a00000, 0x0000000086a00000|100%| O|  |TAMS 0x0000000086900000| PB 0x0000000086900000| Untracked 
| 106|0x0000000086a00000, 0x0000000086b00000, 0x0000000086b00000|100%| O|  |TAMS 0x0000000086a00000| PB 0x0000000086a00000| Untracked 
| 107|0x0000000086b00000, 0x0000000086b00000, 0x0000000086c00000|  0%| F|  |TAMS 0x0000000086b00000| PB 0x0000000086b00000| Untracked 
| 108|0x0000000086c00000, 0x0000000086d00000, 0x0000000086d00000|100%| O|  |TAMS 0x0000000086c00000| PB 0x0000000086c00000| Untracked 
| 109|0x0000000086d00000, 0x0000000086e00000, 0x0000000086e00000|100%| O|  |TAMS 0x0000000086d00000| PB 0x0000000086d00000| Untracked 
| 110|0x0000000086e00000, 0x0000000086f00000, 0x0000000086f00000|100%| O|  |TAMS 0x0000000086e00000| PB 0x0000000086e00000| Untracked 
| 111|0x0000000086f00000, 0x0000000087000000, 0x0000000087000000|100%| O|  |TAMS 0x0000000086f00000| PB 0x0000000086f00000| Untracked 
| 112|0x0000000087000000, 0x0000000087100000, 0x0000000087100000|100%| O|  |TAMS 0x0000000087000000| PB 0x0000000087000000| Untracked 
| 113|0x0000000087100000, 0x0000000087200000, 0x0000000087200000|100%| O|  |TAMS 0x0000000087100000| PB 0x0000000087100000| Untracked 
| 114|0x0000000087200000, 0x0000000087300000, 0x0000000087300000|100%| O|Cm|TAMS 0x0000000087200000| PB 0x0000000087200000| Complete 
| 115|0x0000000087300000, 0x0000000087400000, 0x0000000087400000|100%| O|Cm|TAMS 0x0000000087300000| PB 0x0000000087300000| Complete 
| 116|0x0000000087400000, 0x0000000087500000, 0x0000000087500000|100%| O|  |TAMS 0x0000000087400000| PB 0x0000000087400000| Untracked 
| 117|0x0000000087500000, 0x00000000875abc40, 0x0000000087600000| 67%| O|  |TAMS 0x0000000087500000| PB 0x0000000087500000| Untracked 
| 118|0x0000000087600000, 0x0000000087600000, 0x0000000087700000|  0%| F|  |TAMS 0x0000000087600000| PB 0x0000000087600000| Untracked 
| 119|0x0000000087700000, 0x0000000087700000, 0x0000000087800000|  0%| F|  |TAMS 0x0000000087700000| PB 0x0000000087700000| Untracked 
| 120|0x0000000087800000, 0x0000000087800000, 0x0000000087900000|  0%| F|  |TAMS 0x0000000087800000| PB 0x0000000087800000| Untracked 
| 121|0x0000000087900000, 0x0000000087900000, 0x0000000087a00000|  0%| F|  |TAMS 0x0000000087900000| PB 0x0000000087900000| Untracked 
| 122|0x0000000087a00000, 0x0000000087a00000, 0x0000000087b00000|  0%| F|  |TAMS 0x0000000087a00000| PB 0x0000000087a00000| Untracked 
| 123|0x0000000087b00000, 0x0000000087b00000, 0x0000000087c00000|  0%| F|  |TAMS 0x0000000087b00000| PB 0x0000000087b00000| Untracked 
| 124|0x0000000087c00000, 0x0000000087c00000, 0x0000000087d00000|  0%| F|  |TAMS 0x0000000087c00000| PB 0x0000000087c00000| Untracked 
| 125|0x0000000087d00000, 0x0000000087d00000, 0x0000000087e00000|  0%| F|  |TAMS 0x0000000087d00000| PB 0x0000000087d00000| Untracked 
| 126|0x0000000087e00000, 0x0000000087e00000, 0x0000000087f00000|  0%| F|  |TAMS 0x0000000087e00000| PB 0x0000000087e00000| Untracked 
| 127|0x0000000087f00000, 0x0000000087f00000, 0x0000000088000000|  0%| F|  |TAMS 0x0000000087f00000| PB 0x0000000087f00000| Untracked 
| 128|0x0000000088000000, 0x0000000088000000, 0x0000000088100000|  0%| F|  |TAMS 0x0000000088000000| PB 0x0000000088000000| Untracked 
| 129|0x0000000088100000, 0x0000000088100000, 0x0000000088200000|  0%| F|  |TAMS 0x0000000088100000| PB 0x0000000088100000| Untracked 
| 130|0x0000000088200000, 0x0000000088200000, 0x0000000088300000|  0%| F|  |TAMS 0x0000000088200000| PB 0x0000000088200000| Untracked 
| 131|0x0000000088300000, 0x0000000088300000, 0x0000000088400000|  0%| F|  |TAMS 0x0000000088300000| PB 0x0000000088300000| Untracked 
| 132|0x0000000088400000, 0x00000000884bc110, 0x0000000088500000| 73%| S|CS|TAMS 0x0000000088400000| PB 0x0000000088400000| Complete 
| 133|0x0000000088500000, 0x0000000088600000, 0x0000000088600000|100%| S|CS|TAMS 0x0000000088500000| PB 0x0000000088500000| Complete 
| 134|0x0000000088600000, 0x0000000088700000, 0x0000000088700000|100%| S|CS|TAMS 0x0000000088600000| PB 0x0000000088600000| Complete 
| 135|0x0000000088700000, 0x0000000088800000, 0x0000000088800000|100%| S|CS|TAMS 0x0000000088700000| PB 0x0000000088700000| Complete 
| 136|0x0000000088800000, 0x0000000088900000, 0x0000000088900000|100%| S|CS|TAMS 0x0000000088800000| PB 0x0000000088800000| Complete 
| 137|0x0000000088900000, 0x0000000088a00000, 0x0000000088a00000|100%| S|CS|TAMS 0x0000000088900000| PB 0x0000000088900000| Complete 
| 138|0x0000000088a00000, 0x0000000088b00000, 0x0000000088b00000|100%| S|CS|TAMS 0x0000000088a00000| PB 0x0000000088a00000| Complete 
| 139|0x0000000088b00000, 0x0000000088b00000, 0x0000000088c00000|  0%| F|  |TAMS 0x0000000088b00000| PB 0x0000000088b00000| Untracked 
| 140|0x0000000088c00000, 0x0000000088c00000, 0x0000000088d00000|  0%| F|  |TAMS 0x0000000088c00000| PB 0x0000000088c00000| Untracked 
| 141|0x0000000088d00000, 0x0000000088d00000, 0x0000000088e00000|  0%| F|  |TAMS 0x0000000088d00000| PB 0x0000000088d00000| Untracked 
| 142|0x0000000088e00000, 0x0000000088e00000, 0x0000000088f00000|  0%| F|  |TAMS 0x0000000088e00000| PB 0x0000000088e00000| Untracked 
| 143|0x0000000088f00000, 0x0000000088f00000, 0x0000000089000000|  0%| F|  |TAMS 0x0000000088f00000| PB 0x0000000088f00000| Untracked 
| 144|0x0000000089000000, 0x0000000089000000, 0x0000000089100000|  0%| F|  |TAMS 0x0000000089000000| PB 0x0000000089000000| Untracked 
| 145|0x0000000089100000, 0x0000000089100000, 0x0000000089200000|  0%| F|  |TAMS 0x0000000089100000| PB 0x0000000089100000| Untracked 
| 146|0x0000000089200000, 0x0000000089200000, 0x0000000089300000|  0%| F|  |TAMS 0x0000000089200000| PB 0x0000000089200000| Untracked 
| 147|0x0000000089300000, 0x0000000089300000, 0x0000000089400000|  0%| F|  |TAMS 0x0000000089300000| PB 0x0000000089300000| Untracked 
| 148|0x0000000089400000, 0x0000000089400000, 0x0000000089500000|  0%| F|  |TAMS 0x0000000089400000| PB 0x0000000089400000| Untracked 
| 149|0x0000000089500000, 0x0000000089500000, 0x0000000089600000|  0%| F|  |TAMS 0x0000000089500000| PB 0x0000000089500000| Untracked 
| 150|0x0000000089600000, 0x0000000089600000, 0x0000000089700000|  0%| F|  |TAMS 0x0000000089600000| PB 0x0000000089600000| Untracked 
| 151|0x0000000089700000, 0x0000000089700000, 0x0000000089800000|  0%| F|  |TAMS 0x0000000089700000| PB 0x0000000089700000| Untracked 
| 152|0x0000000089800000, 0x0000000089800000, 0x0000000089900000|  0%| F|  |TAMS 0x0000000089800000| PB 0x0000000089800000| Untracked 
| 153|0x0000000089900000, 0x0000000089900000, 0x0000000089a00000|  0%| F|  |TAMS 0x0000000089900000| PB 0x0000000089900000| Untracked 
| 154|0x0000000089a00000, 0x0000000089a00000, 0x0000000089b00000|  0%| F|  |TAMS 0x0000000089a00000| PB 0x0000000089a00000| Untracked 
| 155|0x0000000089b00000, 0x0000000089b00000, 0x0000000089c00000|  0%| F|  |TAMS 0x0000000089b00000| PB 0x0000000089b00000| Untracked 
| 156|0x0000000089c00000, 0x0000000089c00000, 0x0000000089d00000|  0%| F|  |TAMS 0x0000000089c00000| PB 0x0000000089c00000| Untracked 
| 157|0x0000000089d00000, 0x0000000089d00000, 0x0000000089e00000|  0%| F|  |TAMS 0x0000000089d00000| PB 0x0000000089d00000| Untracked 
| 158|0x0000000089e00000, 0x0000000089e00000, 0x0000000089f00000|  0%| F|  |TAMS 0x0000000089e00000| PB 0x0000000089e00000| Untracked 
| 159|0x0000000089f00000, 0x0000000089f00000, 0x000000008a000000|  0%| F|  |TAMS 0x0000000089f00000| PB 0x0000000089f00000| Untracked 
| 160|0x000000008a000000, 0x000000008a000000, 0x000000008a100000|  0%| F|  |TAMS 0x000000008a000000| PB 0x000000008a000000| Untracked 
| 161|0x000000008a100000, 0x000000008a100000, 0x000000008a200000|  0%| F|  |TAMS 0x000000008a100000| PB 0x000000008a100000| Untracked 
| 162|0x000000008a200000, 0x000000008a200000, 0x000000008a300000|  0%| F|  |TAMS 0x000000008a200000| PB 0x000000008a200000| Untracked 
| 163|0x000000008a300000, 0x000000008a300000, 0x000000008a400000|  0%| F|  |TAMS 0x000000008a300000| PB 0x000000008a300000| Untracked 
| 164|0x000000008a400000, 0x000000008a400000, 0x000000008a500000|  0%| F|  |TAMS 0x000000008a400000| PB 0x000000008a400000| Untracked 
| 165|0x000000008a500000, 0x000000008a500000, 0x000000008a600000|  0%| F|  |TAMS 0x000000008a500000| PB 0x000000008a500000| Untracked 
| 166|0x000000008a600000, 0x000000008a600000, 0x000000008a700000|  0%| F|  |TAMS 0x000000008a600000| PB 0x000000008a600000| Untracked 
| 167|0x000000008a700000, 0x000000008a700000, 0x000000008a800000|  0%| F|  |TAMS 0x000000008a700000| PB 0x000000008a700000| Untracked 
| 168|0x000000008a800000, 0x000000008a800000, 0x000000008a900000|  0%| F|  |TAMS 0x000000008a800000| PB 0x000000008a800000| Untracked 
| 169|0x000000008a900000, 0x000000008a900000, 0x000000008aa00000|  0%| F|  |TAMS 0x000000008a900000| PB 0x000000008a900000| Untracked 
| 170|0x000000008aa00000, 0x000000008aa00000, 0x000000008ab00000|  0%| F|  |TAMS 0x000000008aa00000| PB 0x000000008aa00000| Untracked 
| 171|0x000000008ab00000, 0x000000008ab00000, 0x000000008ac00000|  0%| F|  |TAMS 0x000000008ab00000| PB 0x000000008ab00000| Untracked 
| 172|0x000000008ac00000, 0x000000008ac00000, 0x000000008ad00000|  0%| F|  |TAMS 0x000000008ac00000| PB 0x000000008ac00000| Untracked 
| 173|0x000000008ad00000, 0x000000008ad00000, 0x000000008ae00000|  0%| F|  |TAMS 0x000000008ad00000| PB 0x000000008ad00000| Untracked 
| 174|0x000000008ae00000, 0x000000008ae00000, 0x000000008af00000|  0%| F|  |TAMS 0x000000008ae00000| PB 0x000000008ae00000| Untracked 
| 175|0x000000008af00000, 0x000000008af00000, 0x000000008b000000|  0%| F|  |TAMS 0x000000008af00000| PB 0x000000008af00000| Untracked 
| 176|0x000000008b000000, 0x000000008b000000, 0x000000008b100000|  0%| F|  |TAMS 0x000000008b000000| PB 0x000000008b000000| Untracked 
| 177|0x000000008b100000, 0x000000008b100000, 0x000000008b200000|  0%| F|  |TAMS 0x000000008b100000| PB 0x000000008b100000| Untracked 
| 178|0x000000008b200000, 0x000000008b200000, 0x000000008b300000|  0%| F|  |TAMS 0x000000008b200000| PB 0x000000008b200000| Untracked 
| 179|0x000000008b300000, 0x000000008b300000, 0x000000008b400000|  0%| F|  |TAMS 0x000000008b300000| PB 0x000000008b300000| Untracked 
| 180|0x000000008b400000, 0x000000008b400000, 0x000000008b500000|  0%| F|  |TAMS 0x000000008b400000| PB 0x000000008b400000| Untracked 
| 181|0x000000008b500000, 0x000000008b500000, 0x000000008b600000|  0%| F|  |TAMS 0x000000008b500000| PB 0x000000008b500000| Untracked 
| 182|0x000000008b600000, 0x000000008b600000, 0x000000008b700000|  0%| F|  |TAMS 0x000000008b600000| PB 0x000000008b600000| Untracked 
| 183|0x000000008b700000, 0x000000008b700000, 0x000000008b800000|  0%| F|  |TAMS 0x000000008b700000| PB 0x000000008b700000| Untracked 
| 184|0x000000008b800000, 0x000000008b800000, 0x000000008b900000|  0%| F|  |TAMS 0x000000008b800000| PB 0x000000008b800000| Untracked 
| 185|0x000000008b900000, 0x000000008b900000, 0x000000008ba00000|  0%| F|  |TAMS 0x000000008b900000| PB 0x000000008b900000| Untracked 
| 186|0x000000008ba00000, 0x000000008ba00000, 0x000000008bb00000|  0%| F|  |TAMS 0x000000008ba00000| PB 0x000000008ba00000| Untracked 
| 187|0x000000008bb00000, 0x000000008bb00000, 0x000000008bc00000|  0%| F|  |TAMS 0x000000008bb00000| PB 0x000000008bb00000| Untracked 
| 188|0x000000008bc00000, 0x000000008bc00000, 0x000000008bd00000|  0%| F|  |TAMS 0x000000008bc00000| PB 0x000000008bc00000| Untracked 
| 189|0x000000008bd00000, 0x000000008bd00000, 0x000000008be00000|  0%| F|  |TAMS 0x000000008bd00000| PB 0x000000008bd00000| Untracked 
| 190|0x000000008be00000, 0x000000008be00000, 0x000000008bf00000|  0%| F|  |TAMS 0x000000008be00000| PB 0x000000008be00000| Untracked 
| 191|0x000000008bf00000, 0x000000008bf00000, 0x000000008c000000|  0%| F|  |TAMS 0x000000008bf00000| PB 0x000000008bf00000| Untracked 
| 192|0x000000008c000000, 0x000000008c000000, 0x000000008c100000|  0%| F|  |TAMS 0x000000008c000000| PB 0x000000008c000000| Untracked 
| 193|0x000000008c100000, 0x000000008c100000, 0x000000008c200000|  0%| F|  |TAMS 0x000000008c100000| PB 0x000000008c100000| Untracked 
| 194|0x000000008c200000, 0x000000008c200000, 0x000000008c300000|  0%| F|  |TAMS 0x000000008c200000| PB 0x000000008c200000| Untracked 
| 195|0x000000008c300000, 0x000000008c35ba78, 0x000000008c400000| 35%| E|  |TAMS 0x000000008c300000| PB 0x000000008c300000| Complete 
| 196|0x000000008c400000, 0x000000008c4ffe00, 0x000000008c500000| 99%| E|  |TAMS 0x000000008c400000| PB 0x000000008c400000| Complete 
| 197|0x000000008c500000, 0x000000008c600000, 0x000000008c600000|100%| E|CS|TAMS 0x000000008c500000| PB 0x000000008c500000| Complete 
| 198|0x000000008c600000, 0x000000008c700000, 0x000000008c700000|100%| E|CS|TAMS 0x000000008c600000| PB 0x000000008c600000| Complete 
| 199|0x000000008c700000, 0x000000008c800000, 0x000000008c800000|100%| E|CS|TAMS 0x000000008c700000| PB 0x000000008c700000| Complete 
| 200|0x000000008c800000, 0x000000008c900000, 0x000000008c900000|100%| E|CS|TAMS 0x000000008c800000| PB 0x000000008c800000| Complete 
| 201|0x000000008c900000, 0x000000008ca00000, 0x000000008ca00000|100%| E|CS|TAMS 0x000000008c900000| PB 0x000000008c900000| Complete 
|2040|0x00000000ff800000, 0x00000000ff900000, 0x00000000ff900000|100%| E|CS|TAMS 0x00000000ff800000| PB 0x00000000ff800000| Complete 
|2041|0x00000000ff900000, 0x00000000ffa00000, 0x00000000ffa00000|100%| E|CS|TAMS 0x00000000ff900000| PB 0x00000000ff900000| Complete 
|2042|0x00000000ffa00000, 0x00000000ffb00000, 0x00000000ffb00000|100%| O|  |TAMS 0x00000000ffa00000| PB 0x00000000ffa00000| Untracked 
|2043|0x00000000ffb00000, 0x00000000ffc00000, 0x00000000ffc00000|100%| O|  |TAMS 0x00000000ffb00000| PB 0x00000000ffb00000| Untracked 
|2044|0x00000000ffc00000, 0x00000000ffd00000, 0x00000000ffd00000|100%| O|  |TAMS 0x00000000ffc00000| PB 0x00000000ffc00000| Untracked 
|2045|0x00000000ffd00000, 0x00000000ffe00000, 0x00000000ffe00000|100%| E|CS|TAMS 0x00000000ffd00000| PB 0x00000000ffd00000| Complete 
|2046|0x00000000ffe00000, 0x00000000fff00000, 0x00000000fff00000|100%| E|CS|TAMS 0x00000000ffe00000| PB 0x00000000ffe00000| Complete 
|2047|0x00000000fff00000, 0x0000000100000000, 0x0000000100000000|100%| E|CS|TAMS 0x00000000fff00000| PB 0x00000000fff00000| Complete 

Card table byte_map: [0x000002f2f3f40000,0x000002f2f4340000] _byte_map_base: 0x000002f2f3b40000

Marking Bits: (CMBitMap*) 0x000002f2e1a36ff0
 Bits: [0x000002f2f4340000, 0x000002f2f6340000)

Polling page: 0x000002f2e11b0000

Metaspace:

Usage:
  Non-class:    107.52 MB used.
      Class:     17.02 MB used.
       Both:    124.53 MB used.

Virtual space:
  Non-class space:      128.00 MB reserved,     108.56 MB ( 85%) committed,  2 nodes.
      Class space:        1.00 GB reserved,      18.12 MB (  2%) committed,  1 nodes.
             Both:        1.12 GB reserved,     126.69 MB ( 11%) committed. 

Chunk freelists:
   Non-Class:  3.06 MB
       Class:  13.73 MB
        Both:  16.79 MB

MaxMetaspaceSize: unlimited
CompressedClassSpaceSize: 1.00 GB
Initial GC threshold: 21.00 MB
Current GC threshold: 206.56 MB
CDS: off
 - commit_granule_bytes: 65536.
 - commit_granule_words: 8192.
 - virtual_space_node_default_size: 8388608.
 - enlarge_chunks_in_place: 1.
 - use_allocation_guard: 0.


Internal statistics:

num_allocs_failed_limit: 6.
num_arena_births: 4364.
num_arena_deaths: 0.
num_vsnodes_births: 3.
num_vsnodes_deaths: 0.
num_space_committed: 2026.
num_space_uncommitted: 0.
num_chunks_returned_to_freelist: 6.
num_chunks_taken_from_freelist: 9636.
num_chunk_merges: 3.
num_chunk_splits: 6324.
num_chunks_enlarged: 4027.
num_inconsistent_stats: 0.

CodeHeap 'non-profiled nmethods': size=120000Kb used=6968Kb max_used=6968Kb free=113031Kb
 bounds [0x000002f2ec610000, 0x000002f2ecce0000, 0x000002f2f3b40000]
CodeHeap 'profiled nmethods': size=120000Kb used=22875Kb max_used=22875Kb free=97124Kb
 bounds [0x000002f2e4b40000, 0x000002f2e61a0000, 0x000002f2ec070000]
CodeHeap 'non-nmethods': size=5760Kb used=2954Kb max_used=3040Kb free=2805Kb
 bounds [0x000002f2ec070000, 0x000002f2ec380000, 0x000002f2ec610000]
 total_blobs=13073 nmethods=12023 adapters=954
 compilation: enabled
              stopped_count=0, restarted_count=0
 full_count=0

Compilation events (20 events):
Event: 58.239 Thread 0x000002f2f89ddbf0 14461       3       org.gradle.execution.plan.DefaultFinalizedExecutionPlan$ExecutionQueue::hasNext (10 bytes)
Event: 58.239 Thread 0x000002f2f89ddbf0 nmethod 14461 0x000002f2e617b490 code [0x000002f2e617b640, 0x000002f2e617b810]
Event: 58.248 Thread 0x000002f2f89ddbf0 14464       3       org.gradle.internal.resources.ExclusiveAccessResourceLock::acquireLock (37 bytes)
Event: 58.248 Thread 0x000002f2f89ddbf0 nmethod 14464 0x000002f2e617b910 code [0x000002f2e617bae0, 0x000002f2e617be28]
Event: 58.254 Thread 0x000002f2f89dd150 nmethod 14460 0x000002f2eccdb890 code [0x000002f2eccdbac0, 0x000002f2eccdc2b8]
Event: 58.254 Thread 0x000002f2f89dd150 14463       4       java.util.ArrayList$ArrayListSpliterator::tryAdvance (79 bytes)
Event: 58.256 Thread 0x000002f2f89dd150 nmethod 14463 0x000002f2eccdc810 code [0x000002f2eccdc9c0, 0x000002f2eccdcb90]
Event: 58.257 Thread 0x000002f2f89dd150 14465       4       org.gradle.tooling.internal.provider.runner.ClientBuildEventGenerator::started (168 bytes)
Event: 58.265 Thread 0x000002f2f89ddbf0 14466       3       org.gradle.execution.plan.DefaultFinalizedExecutionPlan$ExecutionQueue::next (28 bytes)
Event: 58.266 Thread 0x000002f2f89ddbf0 nmethod 14466 0x000002f2e617bf10 code [0x000002f2e617c0e0, 0x000002f2e617c490]
Event: 58.266 Thread 0x000002f2f89ddbf0 14467       3       org.gradle.execution.plan.Node::allDependenciesSuccessful (16 bytes)
Event: 58.266 Thread 0x000002f2f89ddbf0 nmethod 14467 0x000002f2e617c610 code [0x000002f2e617c7c0, 0x000002f2e617c930]
Event: 58.266 Thread 0x000002f2f89ddbf0 14468       3       org.gradle.execution.plan.LocalTaskNode::getProjectToLock (24 bytes)
Event: 58.267 Thread 0x000002f2f89ddbf0 nmethod 14468 0x000002f2e617ca10 code [0x000002f2e617cbc0, 0x000002f2e617ce60]
Event: 58.269 Thread 0x000002f2f89ddbf0 14469       3       org.gradle.api.internal.AbstractTask::compareTo (35 bytes)
Event: 58.271 Thread 0x000002f2f89ddbf0 nmethod 14469 0x000002f2e617cf90 code [0x000002f2e617d300, 0x000002f2e617ebd0]
Event: 58.271 Thread 0x000002f2f89ddbf0 14470       1       java.io.SerialCallbackContext::getDesc (5 bytes)
Event: 58.271 Thread 0x000002f2f89ddbf0 nmethod 14470 0x000002f2eccdcd90 code [0x000002f2eccdcf20, 0x000002f2eccdcfe8]
Event: 58.274 Thread 0x000002f2f89ddbf0 14472       3       org.gradle.internal.resources.DefaultLease::doIsLockedByCurrentThread (16 bytes)
Event: 58.274 Thread 0x000002f2f89ddbf0 nmethod 14472 0x000002f2e617f410 code [0x000002f2e617f5c0, 0x000002f2e617f740]

GC Heap History (20 events):
Event: 39.668 GC heap before
{Heap before GC invocations=42 (full 0):
 garbage-first heap   total 155648K, used 140689K [0x0000000080000000, 0x0000000100000000)
  region size 1024K, 50 young (51200K), 5 survivors (5120K)
 Metaspace       used 102476K, committed 104448K, reserved 1179648K
  class space    used 13838K, committed 14848K, reserved 1048576K
}
Event: 39.681 GC heap after
{Heap after GC invocations=43 (full 0):
 garbage-first heap   total 155648K, used 98626K [0x0000000080000000, 0x0000000100000000)
  region size 1024K, 7 young (7168K), 7 survivors (7168K)
 Metaspace       used 102476K, committed 104448K, reserved 1179648K
  class space    used 13838K, committed 14848K, reserved 1048576K
}
Event: 40.678 GC heap before
{Heap before GC invocations=43 (full 0):
 garbage-first heap   total 155648K, used 136514K [0x0000000080000000, 0x0000000100000000)
  region size 1024K, 45 young (46080K), 7 survivors (7168K)
 Metaspace       used 105501K, committed 107520K, reserved 1179648K
  class space    used 14250K, committed 15296K, reserved 1048576K
}
Event: 40.690 GC heap after
{Heap after GC invocations=44 (full 0):
 garbage-first heap   total 155648K, used 100851K [0x0000000080000000, 0x0000000100000000)
  region size 1024K, 3 young (3072K), 3 survivors (3072K)
 Metaspace       used 105501K, committed 107520K, reserved 1179648K
  class space    used 14250K, committed 15296K, reserved 1048576K
}
Event: 42.497 GC heap before
{Heap before GC invocations=45 (full 0):
 garbage-first heap   total 173056K, used 142835K [0x0000000080000000, 0x0000000100000000)
  region size 1024K, 43 young (44032K), 3 survivors (3072K)
 Metaspace       used 108712K, committed 110784K, reserved 1179648K
  class space    used 14839K, committed 15872K, reserved 1048576K
}
Event: 42.504 GC heap after
{Heap after GC invocations=46 (full 0):
 garbage-first heap   total 173056K, used 101219K [0x0000000080000000, 0x0000000100000000)
  region size 1024K, 3 young (3072K), 3 survivors (3072K)
 Metaspace       used 108712K, committed 110784K, reserved 1179648K
  class space    used 14839K, committed 15872K, reserved 1048576K
}
Event: 44.606 GC heap before
{Heap before GC invocations=46 (full 0):
 garbage-first heap   total 173056K, used 159587K [0x0000000080000000, 0x0000000100000000)
  region size 1024K, 60 young (61440K), 3 survivors (3072K)
 Metaspace       used 112935K, committed 115072K, reserved 1179648K
  class space    used 15483K, committed 16576K, reserved 1048576K
}
Event: 44.618 GC heap after
{Heap after GC invocations=47 (full 0):
 garbage-first heap   total 173056K, used 101732K [0x0000000080000000, 0x0000000100000000)
  region size 1024K, 5 young (5120K), 5 survivors (5120K)
 Metaspace       used 112935K, committed 115072K, reserved 1179648K
  class space    used 15483K, committed 16576K, reserved 1048576K
}
Event: 46.467 GC heap before
{Heap before GC invocations=47 (full 0):
 garbage-first heap   total 173056K, used 158052K [0x0000000080000000, 0x0000000100000000)
  region size 1024K, 60 young (61440K), 5 survivors (5120K)
 Metaspace       used 117500K, committed 119616K, reserved 1179648K
  class space    used 16157K, committed 17216K, reserved 1048576K
}
Event: 46.502 GC heap after
{Heap after GC invocations=48 (full 0):
 garbage-first heap   total 173056K, used 104428K [0x0000000080000000, 0x0000000100000000)
  region size 1024K, 7 young (7168K), 7 survivors (7168K)
 Metaspace       used 117500K, committed 119616K, reserved 1179648K
  class space    used 16157K, committed 17216K, reserved 1048576K
}
Event: 48.565 GC heap before
{Heap before GC invocations=49 (full 0):
 garbage-first heap   total 176128K, used 154604K [0x0000000080000000, 0x0000000100000000)
  region size 1024K, 56 young (57344K), 7 survivors (7168K)
 Metaspace       used 121267K, committed 123456K, reserved 1179648K
  class space    used 16685K, committed 17792K, reserved 1048576K
}
Event: 48.616 GC heap after
{Heap after GC invocations=50 (full 0):
 garbage-first heap   total 176128K, used 108275K [0x0000000080000000, 0x0000000100000000)
  region size 1024K, 7 young (7168K), 7 survivors (7168K)
 Metaspace       used 121267K, committed 123456K, reserved 1179648K
  class space    used 16685K, committed 17792K, reserved 1048576K
}
Event: 50.538 GC heap before
{Heap before GC invocations=50 (full 0):
 garbage-first heap   total 176128K, used 157427K [0x0000000080000000, 0x0000000100000000)
  region size 1024K, 55 young (56320K), 7 survivors (7168K)
 Metaspace       used 122107K, committed 124288K, reserved 1179648K
  class space    used 16799K, committed 17856K, reserved 1048576K
}
Event: 50.579 GC heap after
{Heap after GC invocations=51 (full 0):
 garbage-first heap   total 176128K, used 114688K [0x0000000080000000, 0x0000000100000000)
  region size 1024K, 7 young (7168K), 7 survivors (7168K)
 Metaspace       used 122107K, committed 124288K, reserved 1179648K
  class space    used 16799K, committed 17856K, reserved 1048576K
}
Event: 51.556 GC heap before
{Heap before GC invocations=51 (full 0):
 garbage-first heap   total 176128K, used 146432K [0x0000000080000000, 0x0000000100000000)
  region size 1024K, 40 young (40960K), 7 survivors (7168K)
 Metaspace       used 123494K, committed 125632K, reserved 1179648K
  class space    used 16892K, committed 17984K, reserved 1048576K
}
Event: 51.582 GC heap after
{Heap after GC invocations=52 (full 0):
 garbage-first heap   total 211968K, used 122664K [0x0000000080000000, 0x0000000100000000)
  region size 1024K, 7 young (7168K), 7 survivors (7168K)
 Metaspace       used 123494K, committed 125632K, reserved 1179648K
  class space    used 16892K, committed 17984K, reserved 1048576K
}
Event: 51.585 GC heap before
{Heap before GC invocations=52 (full 0):
 garbage-first heap   total 211968K, used 123688K [0x0000000080000000, 0x0000000100000000)
  region size 1024K, 8 young (8192K), 7 survivors (7168K)
 Metaspace       used 123494K, committed 125632K, reserved 1179648K
  class space    used 16892K, committed 17984K, reserved 1048576K
}
Event: 51.593 GC heap after
{Heap after GC invocations=53 (full 0):
 garbage-first heap   total 211968K, used 124469K [0x0000000080000000, 0x0000000100000000)
  region size 1024K, 1 young (1024K), 1 survivors (1024K)
 Metaspace       used 123494K, committed 125632K, reserved 1179648K
  class space    used 16892K, committed 17984K, reserved 1048576K
}
Event: 57.697 GC heap before
{Heap before GC invocations=54 (full 0):
 garbage-first heap   total 215040K, used 197173K [0x0000000080000000, 0x0000000100000000)
  region size 1024K, 68 young (69632K), 1 survivors (1024K)
 Metaspace       used 127067K, committed 129280K, reserved 1179648K
  class space    used 17323K, committed 18432K, reserved 1048576K
}
Event: 57.761 GC heap after
{Heap after GC invocations=55 (full 0):
 garbage-first heap   total 215040K, used 129439K [0x0000000080000000, 0x0000000100000000)
  region size 1024K, 7 young (7168K), 7 survivors (7168K)
 Metaspace       used 127067K, committed 129280K, reserved 1179648K
  class space    used 17323K, committed 18432K, reserved 1048576K
}

Dll operation events (3 events):
Event: 0.055 Loaded shared library C:\Program Files\Android\Android Studio\jbr\bin\java.dll
Event: 0.082 Loaded shared library C:\Program Files\Android\Android Studio\jbr\bin\zip.dll
Event: 1.697 Loaded shared library C:\Program Files\Android\Android Studio\jbr\bin\verify.dll

Deoptimization events (20 events):
Event: 58.139 Thread 0x000002f281dbc1d0 Uncommon trap: trap_request=0xffffff45 fr.pc=0x000002f2eca0fe84 relative=0x00000000000002a4
Event: 58.139 Thread 0x000002f281dbc1d0 Uncommon trap: reason=unstable_if action=reinterpret pc=0x000002f2eca0fe84 method=com.esotericsoftware.kryo.io.Output.writeString(Ljava/lang/CharSequence;)V @ 50 c2
Event: 58.139 Thread 0x000002f281dbc1d0 DEOPT PACKING pc=0x000002f2eca0fe84 sp=0x000000f55fcfe550
Event: 58.139 Thread 0x000002f281dbc1d0 DEOPT UNPACKING pc=0x000002f2ec0c46a2 sp=0x000000f55fcfe488 mode 2
Event: 58.142 Thread 0x000002f281dbc1d0 Uncommon trap: trap_request=0xffffff76 fr.pc=0x000002f2ec6a11f0 relative=0x00000000000001b0
Event: 58.143 Thread 0x000002f281dbc1d0 Uncommon trap: reason=predicate action=maybe_recompile pc=0x000002f2ec6a11f0 method=java.util.Collections.indexedBinarySearch(Ljava/util/List;Ljava/lang/Object;)I @ 13 c2
Event: 58.143 Thread 0x000002f281dbc1d0 DEOPT PACKING pc=0x000002f2ec6a11f0 sp=0x000000f55fcfe8e0
Event: 58.143 Thread 0x000002f281dbc1d0 DEOPT UNPACKING pc=0x000002f2ec0c46a2 sp=0x000000f55fcfe860 mode 2
Event: 58.155 Thread 0x000002f28052dbd0 Uncommon trap: trap_request=0xffffffc6 fr.pc=0x000002f2ec864f74 relative=0x0000000000000694
Event: 58.155 Thread 0x000002f28052dbd0 Uncommon trap: reason=bimorphic_or_optimized_type_check action=maybe_recompile pc=0x000002f2ec864f74 method=org.gradle.internal.snapshot.MediumChildMap.withNode(Lorg/gradle/internal/snapshot/VfsRelativePath;Lorg/gradle/internal/snapshot/CaseSensitivity;Lo
Event: 58.155 Thread 0x000002f28052dbd0 DEOPT PACKING pc=0x000002f2ec864f74 sp=0x000000f55f8fbb10
Event: 58.155 Thread 0x000002f28052dbd0 DEOPT UNPACKING pc=0x000002f2ec0c46a2 sp=0x000000f55f8fbad8 mode 2
Event: 58.236 Thread 0x000002f28052dbd0 Uncommon trap: trap_request=0xffffff45 fr.pc=0x000002f2ec9657b8 relative=0x00000000000000f8
Event: 58.236 Thread 0x000002f28052dbd0 Uncommon trap: reason=unstable_if action=reinterpret pc=0x000002f2ec9657b8 method=com.google.common.collect.AbstractIterator.hasNext()Z @ 29 c2
Event: 58.236 Thread 0x000002f28052dbd0 DEOPT PACKING pc=0x000002f2ec9657b8 sp=0x000000f55f8fb920
Event: 58.236 Thread 0x000002f28052dbd0 DEOPT UNPACKING pc=0x000002f2ec0c46a2 sp=0x000000f55f8fb8b8 mode 2
Event: 58.260 Thread 0x000002f28052dbd0 Uncommon trap: trap_request=0xffffffc6 fr.pc=0x000002f2ec864f74 relative=0x0000000000000694
Event: 58.260 Thread 0x000002f28052dbd0 Uncommon trap: reason=bimorphic_or_optimized_type_check action=maybe_recompile pc=0x000002f2ec864f74 method=org.gradle.internal.snapshot.MediumChildMap.withNode(Lorg/gradle/internal/snapshot/VfsRelativePath;Lorg/gradle/internal/snapshot/CaseSensitivity;Lo
Event: 58.260 Thread 0x000002f28052dbd0 DEOPT PACKING pc=0x000002f2ec864f74 sp=0x000000f55f8fb840
Event: 58.260 Thread 0x000002f28052dbd0 DEOPT UNPACKING pc=0x000002f2ec0c46a2 sp=0x000000f55f8fb808 mode 2

Classes loaded (20 events):
Event: 51.678 Loading class sun/nio/ch/ChannelOutputStream
Event: 51.679 Loading class sun/nio/ch/ChannelOutputStream done
Event: 51.685 Loading class java/util/concurrent/ConcurrentLinkedQueue$Itr
Event: 51.686 Loading class java/util/concurrent/ConcurrentLinkedQueue$Itr done
Event: 52.550 Loading class java/time/Clock
Event: 52.554 Loading class java/time/InstantSource
Event: 52.555 Loading class java/time/InstantSource done
Event: 52.555 Loading class java/time/Clock done
Event: 52.555 Loading class java/time/Clock$SystemClock
Event: 52.558 Loading class java/time/Clock$SystemClock done
Event: 52.749 Loading class java/time/Instant$1
Event: 52.750 Loading class java/time/Instant$1 done
Event: 53.611 Loading class java/io/CharArrayWriter
Event: 53.614 Loading class java/io/CharArrayWriter done
Event: 53.631 Loading class java/io/SequenceInputStream
Event: 53.632 Loading class java/io/SequenceInputStream done
Event: 53.664 Loading class java/util/function/IntUnaryOperator
Event: 53.665 Loading class java/util/function/IntUnaryOperator done
Event: 57.969 Loading class java/util/LinkedList$LLSpliterator
Event: 57.971 Loading class java/util/LinkedList$LLSpliterator done

Classes unloaded (0 events):
No events

Classes redefined (0 events):
No events

Internal exceptions (20 events):
Event: 52.187 Thread 0x000002f2fea0fe00 Implicit null exception at 0x000002f2ecbe3e84 to 0x000002f2ecbe9338
Event: 52.227 Thread 0x000002f28052dbd0 Exception <a 'java/lang/NoSuchMethodError'{0x000000008c9aef98}: 'java.lang.Object java.lang.invoke.DirectMethodHandle$Holder.newInvokeSpecial(java.lang.Object, java.lang.Object, int, java.lang.Object, java.lang.Object)'> (0x000000008c9aef98) 
thrown [s\src\hotspot\share\interpreter\linkResolver.cpp, line 784]
Event: 52.388 Thread 0x000002f28052dbd0 Exception <a 'java/lang/NoSuchMethodError'{0x000000008c30ffc8}: 'java.lang.Object java.lang.invoke.DirectMethodHandle$Holder.invokeVirtual(java.lang.Object, java.lang.Object, java.lang.Object, java.lang.Object, java.lang.Object, java.lang.Object, java.lang.Object, java.lang.Object, java.lang.Object, java.lang.Object, java.lang.Object, java.lang.Object, java.lang.Object, java.lang.Object, java.lang.Object, java.lang.Object, java.lang.Object, java.lang.Object, java.lang.Object)'> (0x000000008c30ffc8) 
thrown
Event: 52.414 Thread 0x000002f2fe9875c0 Exception <a 'java/lang/NoSuchMethodError'{0x000000008c208778}: static Lorg/gradle/internal/build/event/types/DefaultTaskStartedProgressEvent;.<clinit>()V> (0x000000008c208778) 
thrown [s\src\hotspot\share\prims\jni.cpp, line 1144]
Event: 52.416 Thread 0x000002f2fe9875c0 Exception <a 'java/lang/NoSuchMethodError'{0x000000008c213c30}: static Lorg/gradle/internal/build/event/types/DefaultTaskDescriptor;.<clinit>()V> (0x000000008c213c30) 
thrown [s\src\hotspot\share\prims\jni.cpp, line 1144]
Event: 52.445 Thread 0x000002f2fe9875c0 Exception <a 'java/lang/NoSuchMethodError'{0x000000008c2bb9e0}: static Lorg/gradle/internal/build/event/types/DefaultTaskFinishedProgressEvent;.<clinit>()V> (0x000000008c2bb9e0) 
thrown [s\src\hotspot\share\prims\jni.cpp, line 1144]
Event: 52.447 Thread 0x000002f2fe9875c0 Exception <a 'java/lang/NoSuchMethodError'{0x000000008c2d2170}: static Lorg/gradle/internal/build/event/types/DefaultTaskSuccessResult;.<clinit>()V> (0x000000008c2d2170) 
thrown [s\src\hotspot\share\prims\jni.cpp, line 1144]
Event: 52.448 Thread 0x000002f2fe9875c0 Exception <a 'java/lang/NoSuchMethodError'{0x000000008c2d38c8}: static Lorg/gradle/internal/build/event/types/AbstractTaskResult;.<clinit>()V> (0x000000008c2d38c8) 
thrown [s\src\hotspot\share\prims\jni.cpp, line 1144]
Event: 52.540 Thread 0x000002f2816684e0 Exception <a 'java/lang/NoSuchMethodError'{0x000000008c021d90}: static Lcom/android/buildanalyzer/common/AndroidGradlePluginAttributionData$BuildInfo;.<clinit>()V> (0x000000008c021d90) 
thrown [s\src\hotspot\share\prims\jni.cpp, line 1144]
Event: 52.543 Thread 0x000002f281665d80 Exception <a 'java/lang/NoSuchMethodError'{0x000000008c1f4988}: static Ljava/lang/Object;.<clinit>()V> (0x000000008c1f4988) 
thrown [s\src\hotspot\share\prims\jni.cpp, line 1144]
Event: 52.543 Thread 0x000002f2816684e0 Exception <a 'java/lang/NoSuchMethodError'{0x000000008c07e8f0}: static Lcom/android/buildanalyzer/common/AndroidGradlePluginAttributionData$JavaInfo;.<clinit>()V> (0x000000008c07e8f0) 
thrown [s\src\hotspot\share\prims\jni.cpp, line 1144]
Event: 52.545 Thread 0x000002f281665d80 Exception <a 'java/lang/NoSuchMethodError'{0x000000008c0950c0}: static Lorg/jetbrains/kotlin/gradle/plugin/statistics/MetricContainer;.<clinit>()V> (0x000000008c0950c0) 
thrown [s\src\hotspot\share\prims\jni.cpp, line 1144]
Event: 52.554 Thread 0x000002f2816684e0 Exception <a 'java/lang/NoSuchMethodError'{0x000000008c0c8f10}: static [Ljava/lang/String;.<clinit>()V> (0x000000008c0c8f10) 
thrown [s\src\hotspot\share\prims\jni.cpp, line 1144]
Event: 52.555 Thread 0x000002f2816684e0 Exception <a 'java/lang/NoSuchMethodError'{0x000000008c0ef2c0}: static Lcom/android/buildanalyzer/common/AndroidGradlePluginAttributionData$TaskInfo;.<clinit>()V> (0x000000008c0ef2c0) 
thrown [s\src\hotspot\share\prims\jni.cpp, line 1144]
Event: 52.556 Thread 0x000002f2816684e0 Exception <a 'java/lang/NoSuchMethodError'{0x000000008c0fc3b8}: static Lcom/android/buildanalyzer/common/AndroidGradlePluginAttributionData$TaskCategoryInfo;.<clinit>()V> (0x000000008c0fc3b8) 
thrown [s\src\hotspot\share\prims\jni.cpp, line 1144]
Event: 52.608 Thread 0x000002f28052dbd0 Exception <a 'sun/nio/fs/WindowsException'{0x000000008c038060}> (0x000000008c038060) 
thrown [s\src\hotspot\share\prims\jni.cpp, line 537]
Event: 52.766 Thread 0x000002f2fe9875c0 Exception <a 'java/lang/NoSuchMethodError'{0x000000008bc09e80}: static Lorg/gradle/internal/build/event/types/DefaultTaskSkippedResult;.<clinit>()V> (0x000000008bc09e80) 
thrown [s\src\hotspot\share\prims\jni.cpp, line 1144]
Event: 52.927 Thread 0x000002f28052dbd0 Exception <a 'java/lang/IncompatibleClassChangeError'{0x000000008bcbb078}: Found class java.lang.Object, but interface was expected> (0x000000008bcbb078) 
thrown [s\src\hotspot\share\interpreter\linkResolver.cpp, line 851]
Event: 53.669 Thread 0x000002f28052dbd0 Exception <a 'java/lang/NoSuchMethodError'{0x000000008b9ac698}: 'int java.lang.invoke.DirectMethodHandle$Holder.invokeSpecial(java.lang.Object, java.lang.Object, int)'> (0x000000008b9ac698) 
thrown [s\src\hotspot\share\interpreter\linkResolver.cpp, line 784]
Event: 57.465 Thread 0x000002f28052dbd0 Exception <a 'java/lang/NoSuchMethodError'{0x0000000088d51b20}: 'int java.lang.invoke.DirectMethodHandle$Holder.invokeStaticInit(java.lang.Object, java.lang.Object, java.lang.Object, java.lang.Object, java.lang.Object)'> (0x0000000088d51b20) 
thrown [s\src\hotspot\share\interpreter\linkResolver.cpp, line 784]

ZGC Phase Switch (0 events):
No events

VM Operations (20 events):
Event: 53.958 Executing VM operation: Cleanup
Event: 53.958 Executing VM operation: Cleanup done
Event: 54.512 Executing VM operation: ICBufferFull
Event: 54.513 Executing VM operation: ICBufferFull done
Event: 55.517 Executing VM operation: Cleanup
Event: 55.517 Executing VM operation: Cleanup done
Event: 57.523 Executing VM operation: Cleanup
Event: 57.523 Executing VM operation: Cleanup done
Event: 57.546 Executing VM operation: HandshakeAllThreads (Deoptimize)
Event: 57.546 Executing VM operation: HandshakeAllThreads (Deoptimize) done
Event: 57.669 Executing VM operation: HandshakeAllThreads (Deoptimize)
Event: 57.669 Executing VM operation: HandshakeAllThreads (Deoptimize) done
Event: 57.696 Executing VM operation: G1CollectForAllocation (G1 Evacuation Pause)
Event: 57.761 Executing VM operation: G1CollectForAllocation (G1 Evacuation Pause) done
Event: 58.089 Executing VM operation: HandshakeAllThreads (Deoptimize)
Event: 58.090 Executing VM operation: HandshakeAllThreads (Deoptimize) done
Event: 58.128 Executing VM operation: HandshakeAllThreads (Deoptimize)
Event: 58.129 Executing VM operation: HandshakeAllThreads (Deoptimize) done
Event: 58.131 Executing VM operation: HandshakeAllThreads (Deoptimize)
Event: 58.132 Executing VM operation: HandshakeAllThreads (Deoptimize) done

Memory protections (0 events):
No events

Nmethod flushes (20 events):
Event: 52.178 Thread 0x000002f2f8823700 flushing  nmethod 0x000002f2e5270b90
Event: 52.179 Thread 0x000002f2f8823700 flushing  nmethod 0x000002f2e527bc90
Event: 52.179 Thread 0x000002f2f8823700 flushing  nmethod 0x000002f2e5281f90
Event: 52.179 Thread 0x000002f2f8823700 flushing  nmethod 0x000002f2e5283510
Event: 52.179 Thread 0x000002f2f8823700 flushing  nmethod 0x000002f2e52c4490
Event: 52.179 Thread 0x000002f2f8823700 flushing  nmethod 0x000002f2e52c7690
Event: 52.179 Thread 0x000002f2f8823700 flushing  nmethod 0x000002f2e52f0990
Event: 52.179 Thread 0x000002f2f8823700 flushing  nmethod 0x000002f2e52f3e10
Event: 52.179 Thread 0x000002f2f8823700 flushing  nmethod 0x000002f2e5338290
Event: 52.179 Thread 0x000002f2f8823700 flushing  nmethod 0x000002f2e537ea10
Event: 52.179 Thread 0x000002f2f8823700 flushing  nmethod 0x000002f2e53bb390
Event: 52.179 Thread 0x000002f2f8823700 flushing  nmethod 0x000002f2e54ad290
Event: 52.179 Thread 0x000002f2f8823700 flushing  nmethod 0x000002f2e5673690
Event: 52.179 Thread 0x000002f2f8823700 flushing  nmethod 0x000002f2e59d2890
Event: 52.179 Thread 0x000002f2f8823700 flushing  nmethod 0x000002f2e5ab6f10
Event: 52.179 Thread 0x000002f2f8823700 flushing  nmethod 0x000002f2e5ab7a10
Event: 52.179 Thread 0x000002f2f8823700 flushing  nmethod 0x000002f2e5b48090
Event: 52.179 Thread 0x000002f2f8823700 flushing  nmethod 0x000002f2e5c4db90
Event: 52.179 Thread 0x000002f2f8823700 flushing  nmethod 0x000002f2e5da0910
Event: 52.179 Thread 0x000002f2f8823700 flushing  nmethod 0x000002f2e5e25e10

Events (20 events):
Event: 21.507 Thread 0x000002f2fea0fe00 Thread added: 0x000002f28113df30
Event: 22.429 Thread 0x000002f2fea0fe00 Thread added: 0x000002f28113e5c0
Event: 22.435 Thread 0x000002f2fea0fe00 Thread added: 0x000002f28113f2e0
Event: 22.436 Thread 0x000002f2fea0fe00 Thread added: 0x000002f281140690
Event: 33.368 Thread 0x000002f2fea0fe00 Thread added: 0x000002f2816684e0
Event: 34.482 Thread 0x000002f2fea0fe00 Thread added: 0x000002f2816677c0
Event: 37.545 Thread 0x000002f2fea0fe00 Thread added: 0x000002f281665d80
Event: 51.684 Thread 0x000002f2fea0fe00 Thread added: 0x000002f28052ade0
Event: 51.689 Thread 0x000002f2fea0fe00 Thread added: 0x000002f280528d10
Event: 52.210 Thread 0x000002f2fea0fe00 Thread added: 0x000002f28052dbd0
Event: 52.232 Thread 0x000002f28052dbd0 Thread added: 0x000002f28052ef80
Event: 52.232 Thread 0x000002f28052dbd0 Thread added: 0x000002f28052f610
Event: 52.232 Thread 0x000002f28052dbd0 Thread added: 0x000002f28052b470
Event: 52.330 Thread 0x000002f28052dbd0 Thread added: 0x000002f281dbc1d0
Event: 54.498 Thread 0x000002f28052dbd0 Thread added: 0x000002f28166ac40
Event: 54.498 Thread 0x000002f28052dbd0 Thread added: 0x000002f28166b960
Event: 54.499 Thread 0x000002f28052dbd0 Thread added: 0x000002f281667130
Event: 57.687 Thread 0x000002f28052dbd0 Thread added: 0x000002f2ff2a5580
Event: 57.688 Thread 0x000002f28052dbd0 Thread added: 0x000002f2883685b0
Event: 57.688 Thread 0x000002f28052dbd0 Thread added: 0x000002f2883664e0


Dynamic libraries:
0x00007ff756ba0000 - 0x00007ff756baa000 	C:\Program Files\Android\Android Studio\jbr\bin\java.exe
0x00007ff88dc10000 - 0x00007ff88de08000 	C:\WINDOWS\SYSTEM32\ntdll.dll
0x00007ff88c380000 - 0x00007ff88c442000 	C:\WINDOWS\System32\KERNEL32.DLL
0x00007ff88b8c0000 - 0x00007ff88bbb6000 	C:\WINDOWS\System32\KERNELBASE.dll
0x00007ff88b590000 - 0x00007ff88b690000 	C:\WINDOWS\System32\ucrtbase.dll
0x00007ff869b20000 - 0x00007ff869b3b000 	C:\Program Files\Android\Android Studio\jbr\bin\VCRUNTIME140.dll
0x00007ff84d410000 - 0x00007ff84d428000 	C:\Program Files\Android\Android Studio\jbr\bin\jli.dll
0x00007ff88a730000 - 0x00007ff88a9cb000 	C:\WINDOWS\WinSxS\amd64_microsoft.windows.common-controls_6595b64144ccf1df_6.0.19041.6456_none_60b8a6cb71f64256\COMCTL32.dll
0x00007ff88cbc0000 - 0x00007ff88cd61000 	C:\WINDOWS\System32\USER32.dll
0x00007ff88c2e0000 - 0x00007ff88c37e000 	C:\WINDOWS\System32\msvcrt.dll
0x00007ff88b440000 - 0x00007ff88b462000 	C:\WINDOWS\System32\win32u.dll
0x00007ff88cb90000 - 0x00007ff88cbbb000 	C:\WINDOWS\System32\GDI32.dll
0x00007ff88b470000 - 0x00007ff88b589000 	C:\WINDOWS\System32\gdi32full.dll
0x00007ff88b710000 - 0x00007ff88b7ad000 	C:\WINDOWS\System32\msvcp_win.dll
0x00007ff88d6d0000 - 0x00007ff88d6ff000 	C:\WINDOWS\System32\IMM32.DLL
0x00007ff86cdb0000 - 0x00007ff86cdbc000 	C:\Program Files\Android\Android Studio\jbr\bin\vcruntime140_1.dll
0x00007ffff9d10000 - 0x00007ffff9d9d000 	C:\Program Files\Android\Android Studio\jbr\bin\msvcp140.dll
0x00007ffff7f50000 - 0x00007ffff8bde000 	C:\Program Files\Android\Android Studio\jbr\bin\server\jvm.dll
0x00007ff88bde0000 - 0x00007ff88be91000 	C:\WINDOWS\System32\ADVAPI32.dll
0x00007ff88c590000 - 0x00007ff88c62f000 	C:\WINDOWS\System32\sechost.dll
0x00007ff88c450000 - 0x00007ff88c570000 	C:\WINDOWS\System32\RPCRT4.dll
0x00007ff88b7b0000 - 0x00007ff88b7d7000 	C:\WINDOWS\System32\bcrypt.dll
0x00007ff88cb20000 - 0x00007ff88cb8b000 	C:\WINDOWS\System32\WS2_32.dll
0x00007ff88b140000 - 0x00007ff88b18b000 	C:\WINDOWS\SYSTEM32\POWRPROF.dll
0x00007ff86e730000 - 0x00007ff86e757000 	C:\WINDOWS\SYSTEM32\WINMM.dll
0x00007ff884fc0000 - 0x00007ff884fca000 	C:\WINDOWS\SYSTEM32\VERSION.dll
0x00007ff88b120000 - 0x00007ff88b132000 	C:\WINDOWS\SYSTEM32\UMPDC.dll
0x00007ff888b60000 - 0x00007ff888b72000 	C:\WINDOWS\SYSTEM32\kernel.appcore.dll
0x00007ff86cc30000 - 0x00007ff86cc3a000 	C:\Program Files\Android\Android Studio\jbr\bin\jimage.dll
0x00007ff88acd0000 - 0x00007ff88aed1000 	C:\WINDOWS\SYSTEM32\DBGHELP.DLL
0x00007ff88aae0000 - 0x00007ff88ab14000 	C:\WINDOWS\SYSTEM32\dbgcore.DLL
0x00007ff88b7e0000 - 0x00007ff88b862000 	C:\WINDOWS\System32\bcryptPrimitives.dll
0x00007ff84d820000 - 0x00007ff84d82e000 	C:\Program Files\Android\Android Studio\jbr\bin\instrument.dll
0x00007ff869a90000 - 0x00007ff869ab0000 	C:\Program Files\Android\Android Studio\jbr\bin\java.dll
0x00007ff869a30000 - 0x00007ff869a48000 	C:\Program Files\Android\Android Studio\jbr\bin\zip.dll
0x00007ff88cf60000 - 0x00007ff88d6d0000 	C:\WINDOWS\System32\SHELL32.dll
0x00007ff888d60000 - 0x00007ff889505000 	C:\WINDOWS\SYSTEM32\windows.storage.dll
0x00007ff88bea0000 - 0x00007ff88c1f4000 	C:\WINDOWS\System32\combase.dll
0x00007ff88a690000 - 0x00007ff88a6bb000 	C:\WINDOWS\SYSTEM32\Wldp.dll
0x00007ff88da90000 - 0x00007ff88db5d000 	C:\WINDOWS\System32\OLEAUT32.dll
0x00007ff88cea0000 - 0x00007ff88cf4d000 	C:\WINDOWS\System32\SHCORE.dll
0x00007ff88bd20000 - 0x00007ff88bd7b000 	C:\WINDOWS\System32\shlwapi.dll
0x00007ff88b2c0000 - 0x00007ff88b2e4000 	C:\WINDOWS\SYSTEM32\profapi.dll
0x00007ff86cad0000 - 0x00007ff86cae0000 	C:\Program Files\Android\Android Studio\jbr\bin\net.dll
0x00007ff880da0000 - 0x00007ff880eaa000 	C:\WINDOWS\SYSTEM32\WINHTTP.dll
0x00007ff88a560000 - 0x00007ff88a5ca000 	C:\WINDOWS\system32\mswsock.dll
0x00007ff85d240000 - 0x00007ff85d256000 	C:\Program Files\Android\Android Studio\jbr\bin\nio.dll
0x00007ff85c470000 - 0x00007ff85c480000 	C:\Program Files\Android\Android Studio\jbr\bin\verify.dll
0x00007ff854260000 - 0x00007ff854287000 	C:\Users\User\.gradle\native\1def1411415f61bf3af743bc5b6707747c0891f09f0c88961ee8f79bc544acac\windows-amd64\native-platform.dll
0x00007ffffab20000 - 0x00007ffffab98000 	C:\Users\User\.gradle\native\0.2.7\x86_64-windows-gnu\gradle-fileevents.dll
0x00007ff85c740000 - 0x00007ff85c749000 	C:\Program Files\Android\Android Studio\jbr\bin\management.dll
0x00007ff85c730000 - 0x00007ff85c73b000 	C:\Program Files\Android\Android Studio\jbr\bin\management_ext.dll
0x00007ff88cf50000 - 0x00007ff88cf58000 	C:\WINDOWS\System32\PSAPI.DLL
0x00007ff88a0d0000 - 0x00007ff88a10b000 	C:\WINDOWS\SYSTEM32\IPHLPAPI.DLL
0x00007ff88d8d0000 - 0x00007ff88d8d8000 	C:\WINDOWS\System32\NSI.dll
0x00007ff866d70000 - 0x00007ff866d79000 	C:\Program Files\Android\Android Studio\jbr\bin\extnet.dll
0x00007ff88b090000 - 0x00007ff88b0a8000 	C:\WINDOWS\SYSTEM32\CRYPTSP.dll
0x00007ff889d70000 - 0x00007ff889da8000 	C:\WINDOWS\system32\rsaenh.dll
0x00007ff88b280000 - 0x00007ff88b2ae000 	C:\WINDOWS\SYSTEM32\USERENV.dll
0x00007ff88a650000 - 0x00007ff88a65c000 	C:\WINDOWS\SYSTEM32\CRYPTBASE.dll
0x00007ff869b10000 - 0x00007ff869b17000 	C:\WINDOWS\system32\wshunix.dll
0x00007ff88a110000 - 0x00007ff88a1da000 	C:\WINDOWS\SYSTEM32\DNSAPI.dll
0x00007ff87a2d0000 - 0x00007ff87a2da000 	C:\Windows\System32\rasadhlp.dll
0x00007ff8795d0000 - 0x00007ff879650000 	C:\WINDOWS\System32\fwpuclnt.dll
0x00007ff86d140000 - 0x00007ff86d157000 	C:\WINDOWS\system32\napinsp.dll
0x00007ff86da10000 - 0x00007ff86da2b000 	C:\WINDOWS\system32\pnrpnsp.dll
0x00007ff87c4a0000 - 0x00007ff87c4bd000 	C:\WINDOWS\system32\wshbth.dll
0x00007ff886540000 - 0x00007ff88655d000 	C:\WINDOWS\system32\NLAapi.dll
0x00007ff87a320000 - 0x00007ff87a332000 	C:\WINDOWS\System32\winrnr.dll

dbghelp: loaded successfully - version: 4.0.5 - missing functions: none
symbol engine: initialized successfully - sym options: 0x614 - pdb path: .;C:\Program Files\Android\Android Studio\jbr\bin;C:\WINDOWS\SYSTEM32;C:\WINDOWS\WinSxS\amd64_microsoft.windows.common-controls_6595b64144ccf1df_6.0.19041.6456_none_60b8a6cb71f64256;C:\Program Files\Android\Android Studio\jbr\bin\server;C:\Users\User\.gradle\native\1def1411415f61bf3af743bc5b6707747c0891f09f0c88961ee8f79bc544acac\windows-amd64;C:\Users\User\.gradle\native\0.2.7\x86_64-windows-gnu

VM Arguments:
jvm_args: --add-opens=java.base/java.lang=ALL-UNNAMED --add-opens=java.base/java.lang.invoke=ALL-UNNAMED --add-opens=java.base/java.util=ALL-UNNAMED --add-opens=java.prefs/java.util.prefs=ALL-UNNAMED --add-exports=jdk.compiler/com.sun.tools.javac.api=ALL-UNNAMED --add-exports=jdk.compiler/com.sun.tools.javac.util=ALL-UNNAMED --add-opens=java.base/java.util=ALL-UNNAMED --add-opens=java.prefs/java.util.prefs=ALL-UNNAMED --add-opens=java.base/java.nio.charset=ALL-UNNAMED --add-opens=java.base/java.net=ALL-UNNAMED --add-opens=java.base/java.util.concurrent.atomic=ALL-UNNAMED --add-opens=java.xml/javax.xml.namespace=ALL-UNNAMED -Xmx2048m -Dfile.encoding=UTF-8 -Duser.country=US -Duser.language=en -Duser.variant -javaagent:C:\Users\User\.gradle\wrapper\dists\gradle-8.13-bin\5xuhj0ry160q40clulazy9h7d\gradle-8.13\lib\agents\gradle-instrumentation-agent-8.13.jar 
java_command: org.gradle.launcher.daemon.bootstrap.GradleDaemon 8.13
java_class_path (initial): C:\Users\User\.gradle\wrapper\dists\gradle-8.13-bin\5xuhj0ry160q40clulazy9h7d\gradle-8.13\lib\gradle-daemon-main-8.13.jar
Launcher Type: SUN_STANDARD

[Global flags]
     intx CICompilerCount                          = 3                                         {product} {ergonomic}
     uint ConcGCThreads                            = 1                                         {product} {ergonomic}
     uint G1ConcRefinementThreads                  = 4                                         {product} {ergonomic}
   size_t G1HeapRegionSize                         = 1048576                                   {product} {ergonomic}
    uintx GCDrainStackTargetSize                   = 64                                        {product} {ergonomic}
   size_t InitialHeapSize                          = 67108864                                  {product} {ergonomic}
   size_t MarkStackSize                            = 4194304                                   {product} {ergonomic}
   size_t MaxHeapSize                              = 2147483648                                {product} {command line}
   size_t MaxNewSize                               = 1287651328                                {product} {ergonomic}
   size_t MinHeapDeltaBytes                        = 1048576                                   {product} {ergonomic}
   size_t MinHeapSize                              = 8388608                                   {product} {ergonomic}
    uintx NonNMethodCodeHeapSize                   = 5832780                                {pd product} {ergonomic}
    uintx NonProfiledCodeHeapSize                  = 122912730                              {pd product} {ergonomic}
    uintx ProfiledCodeHeapSize                     = 122912730                              {pd product} {ergonomic}
    uintx ReservedCodeCacheSize                    = 251658240                              {pd product} {ergonomic}
     bool SegmentedCodeCache                       = true                                      {product} {ergonomic}
   size_t SoftMaxHeapSize                          = 2147483648                             {manageable} {ergonomic}
     bool UseCompressedOops                        = true                           {product lp64_product} {ergonomic}
     bool UseG1GC                                  = true                                      {product} {ergonomic}
     bool UseLargePagesIndividualAllocation        = false                                  {pd product} {ergonomic}

Logging:
Log output configuration:
 #0: stdout all=warning uptime,level,tags foldmultilines=false
 #1: stderr all=off uptime,level,tags foldmultilines=false

Environment Variables:
PATH=C:\Program Files (x86)\VMware\VMware Workstation\bin\;C:\Program Files (x86)\Common Files\Oracle\Java\java8path;C:\Program Files (x86)\Common Files\Oracle\Java\javapath;C:\WINDOWS\system32;C:\WINDOWS;C:\WINDOWS\System32\Wbem;C:\WINDOWS\System32\WindowsPowerShell\v1.0\;C:\WINDOWS\System32\OpenSSH\;C:\Program Files\Git\cmd;C:\Users\User\AppData\Local\Programs\Python\Launcher\;C:\Users\User\AppData\Local\Microsoft\WindowsApps;C:\Users\User\AppData\Local\Programs\Microsoft VS Code\bin
USERNAME=Dini mangunsong
OS=Windows_NT
PROCESSOR_IDENTIFIER=Intel64 Family 6 Model 78 Stepping 3, GenuineIntel
TMP=C:\Users\User\AppData\Local\Temp
TEMP=C:\Users\User\AppData\Local\Temp




Periodic native trim disabled

JNI global refs:
JNI global refs: 28, weak refs: 8

JNI global refs memory usage: 835, weak refs: 833

Process memory usage:
Resident Set Size: 294748K (7% of 4072028K total physical memory with 256196K free physical memory)

OOME stack traces (most recent first):
Classloader memory used:
