#
# There is insufficient memory for the Java Runtime Environment to continue.
# Native memory allocation (mmap) failed to map 75497472 bytes. Error detail: G1 virtual space
# Possible reasons:
#   The system is out of physical RAM or swap space
#   This process is running with CompressedOops enabled, and the Java Heap may be blocking the growth of the native heap
# Possible solutions:
#   Reduce memory load on the system
#   Increase physical memory or swap space
#   Check if swap backing store is full
#   Decrease Java heap size (-Xmx/-Xms)
#   Decrease number of Java threads
#   Decrease Java thread stack sizes (-Xss)
#   Set larger code cache with -XX:ReservedCodeCacheSize=
#   JVM is running with Unscaled Compressed Oops mode in which the Java heap is
#     placed in the first 4GB address space. The Java Heap base address is the
#     maximum limit for the native heap growth. Please use -XX:HeapBaseMinAddress
#     to set the Java Heap base and to place the Java Heap above 4GB virtual address.
# This output file may be truncated or incomplete.
#
#  Out of Memory Error (os_windows.cpp:3898), pid=15164, tid=14452
#
# JRE version: OpenJDK Runtime Environment (21.0.7) (build 21.0.7+-13880790-b1038.58)
# Java VM: OpenJDK 64-Bit Server VM (21.0.7+-13880790-b1038.58, mixed mode, tiered, compressed oops, compressed class ptrs, g1 gc, windows-amd64)
# No core dump will be written. Minidumps are not enabled by default on client versions of Windows
#

---------------  S U M M A R Y ------------

Command Line: org.jetbrains.kotlin.cli.jvm.K2JVMCompiler @C:\Users\User\AndroidStudioProjects\KakulatorUTMJ\app\build\20251118_3784044007012005670.compiler.options

Host: Intel(R) Core(TM) i5-6300U CPU @ 2.40GHz, 4 cores, 3G,  Windows 10 , 64 bit Build 19041 (10.0.19041.5915)
Time: Tue Nov 18 13:58:27 2025 SE Asia Standard Time elapsed time: 13.592492 seconds (0d 0h 0m 13s)

---------------  T H R E A D  ---------------

Current thread (0x0000019bd0d4b110):  VMThread "VM Thread"          [id=14452, stack(0x00000003a0d00000,0x00000003a0e00000) (1024K)]

Stack: [0x00000003a0d00000,0x00000003a0e00000]
Native frames: (J=compiled Java code, j=interpreted, Vv=VM code, C=native code)
V  [jvm.dll+0x6d25c9]
V  [jvm.dll+0x860923]
V  [jvm.dll+0x862e7e]
V  [jvm.dll+0x863563]
V  [jvm.dll+0x27f156]
V  [jvm.dll+0x6ceee5]
V  [jvm.dll+0x6c29aa]
V  [jvm.dll+0x355ebb]
V  [jvm.dll+0x35db16]
V  [jvm.dll+0x3afb16]
V  [jvm.dll+0x3afde8]
V  [jvm.dll+0x32855c]
V  [jvm.dll+0x3285e7]
V  [jvm.dll+0x36e47c]
V  [jvm.dll+0x36cc2e]
V  [jvm.dll+0x327cb1]
V  [jvm.dll+0x36c330]
V  [jvm.dll+0x8692e8]
V  [jvm.dll+0x86a664]
V  [jvm.dll+0x86aba0]
V  [jvm.dll+0x86ae33]
V  [jvm.dll+0x808d08]
V  [jvm.dll+0x6d0e1d]
C  [ucrtbase.dll+0x21bb2]
C  [KERNEL32.DLL+0x17374]
C  [ntdll.dll+0x4cc91]

VM_Operation (0x00000003a06fa610): G1CollectForAllocation, mode: safepoint, requested by thread 0x0000019bb915adf0


---------------  P R O C E S S  ---------------

Threads class SMR info:
_java_thread_list=0x0000019bd518e100, length=11, elements={
0x0000019bb915adf0, 0x0000019bd0dc5f90, 0x0000019bd0dc79f0, 0x0000019bd500c830,
0x0000019bd500fcd0, 0x0000019bd5010730, 0x0000019bd0dee290, 0x0000019bd0dd25c0,
0x0000019bd0dd88b0, 0x0000019bd5011ce0, 0x0000019bd51b2450
}

Java Threads: ( => current thread )
  0x0000019bb915adf0 JavaThread "main"                              [_thread_blocked, id=13876, stack(0x00000003a0600000,0x00000003a0700000) (1024K)]
  0x0000019bd0dc5f90 JavaThread "Common-Cleaner"             daemon [_thread_blocked, id=14548, stack(0x00000003a0f00000,0x00000003a1000000) (1024K)]
  0x0000019bd0dc79f0 JavaThread "Reference Handler"          daemon [_thread_blocked, id=4584, stack(0x00000003a1000000,0x00000003a1100000) (1024K)]
  0x0000019bd500c830 JavaThread "Finalizer"                  daemon [_thread_blocked, id=1388, stack(0x00000003a1100000,0x00000003a1200000) (1024K)]
  0x0000019bd500fcd0 JavaThread "Signal Dispatcher"          daemon [_thread_blocked, id=9916, stack(0x00000003a1200000,0x00000003a1300000) (1024K)]
  0x0000019bd5010730 JavaThread "Attach Listener"            daemon [_thread_blocked, id=12784, stack(0x00000003a1300000,0x00000003a1400000) (1024K)]
  0x0000019bd0dee290 JavaThread "Service Thread"             daemon [_thread_blocked, id=7956, stack(0x00000003a1400000,0x00000003a1500000) (1024K)]
  0x0000019bd0dd25c0 JavaThread "Monitor Deflation Thread"   daemon [_thread_blocked, id=11700, stack(0x00000003a1500000,0x00000003a1600000) (1024K)]
  0x0000019bd0dd88b0 JavaThread "C2 CompilerThread0"         daemon [_thread_blocked, id=10796, stack(0x00000003a1600000,0x00000003a1700000) (1024K)]
  0x0000019bd5011ce0 JavaThread "C1 CompilerThread0"         daemon [_thread_blocked, id=5180, stack(0x00000003a1700000,0x00000003a1800000) (1024K)]
  0x0000019bd51b2450 JavaThread "Notification Thread"        daemon [_thread_blocked, id=6908, stack(0x00000003a1800000,0x00000003a1900000) (1024K)]
Total: 11

Other Threads:
=>0x0000019bd0d4b110 VMThread "VM Thread"                           [id=14452, stack(0x00000003a0d00000,0x00000003a0e00000) (1024K)]
  0x0000019bd0d0ab40 WatcherThread "VM Periodic Task Thread"        [id=10784, stack(0x00000003a0c00000,0x00000003a0d00000) (1024K)]
  0x0000019bbb401b60 WorkerThread "GC Thread#0"                     [id=14648, stack(0x00000003a0700000,0x00000003a0800000) (1024K)]
  0x0000019bd56e4780 WorkerThread "GC Thread#1"                     [id=13780, stack(0x00000003a1900000,0x00000003a1a00000) (1024K)]
  0x0000019bd56e0160 WorkerThread "GC Thread#2"                     [id=9688, stack(0x00000003a1a00000,0x00000003a1b00000) (1024K)]
  0x0000019bd571b980 WorkerThread "GC Thread#3"                     [id=8484, stack(0x00000003a1b00000,0x00000003a1c00000) (1024K)]
  0x0000019bbb40afd0 ConcurrentGCThread "G1 Main Marker"            [id=9756, stack(0x00000003a0800000,0x00000003a0900000) (1024K)]
  0x0000019bbb40bad0 WorkerThread "G1 Conc#0"                       [id=7936, stack(0x00000003a0900000,0x00000003a0a00000) (1024K)]
  0x0000019bbb463010 ConcurrentGCThread "G1 Refine#0"               [id=3148, stack(0x00000003a0a00000,0x00000003a0b00000) (1024K)]
  0x0000019bbb464a30 ConcurrentGCThread "G1 Service"                [id=13444, stack(0x00000003a0b00000,0x00000003a0c00000) (1024K)]
Total: 10

Threads with active compile tasks:
C2 CompilerThread0  13680 5334       4       org.jetbrains.kotlin.com.intellij.openapi.util.io.FileUtilRt::getExtension (45 bytes)
C1 CompilerThread0  13680 5468       3       org.jetbrains.kotlin.types.AbstractTypeChecker::equalTypes (234 bytes)
Total: 2

VM state: at safepoint (normal execution)

VM Mutex/Monitor currently owned by a thread:  ([mutex/lock_event])
[0x00007ffff8b01468] Threads_lock - owner thread: 0x0000019bd0d4b110
[0x00007ffff8b01568] Heap_lock - owner thread: 0x0000019bb915adf0

Heap address: 0x00000000c1c00000, size: 996 MB, Compressed Oops mode: 32-bit

CDS archive(s) not mapped
Compressed class space mapped at: 0x0000000100000000-0x0000000140000000, reserved size: 1073741824
Narrow klass base: 0x0000000000000000, Narrow klass shift: 3, Narrow klass range: 0x140000000

GC Precious Log:
 CardTable entry size: 512
 Card Set container configuration: InlinePtr #cards 5 size 8 Array Of Cards #cards 12 size 40 Howl #buckets 4 coarsen threshold 1843 Howl Bitmap #cards 512 size 80 coarsen threshold 460 Card regions per heap region 1 cards per card region 2048
 CPUs: 4 total, 4 available
 Memory: 3976M
 Large Page Support: Disabled
 NUMA Support: Disabled
 Compressed Oops: Enabled (32-bit)
 Heap Region Size: 1M
 Heap Min Capacity: 8M
 Heap Initial Capacity: 64M
 Heap Max Capacity: 996M
 Pre-touch: Disabled
 Parallel Workers: 4
 Concurrent Workers: 1
 Concurrent Refinement Workers: 4
 Periodic GC: Disabled

Heap:
 garbage-first heap   total 73728K, used 51172K [0x00000000c1c00000, 0x0000000100000000)
  region size 1024K, 3 young (3072K), 3 survivors (3072K)
 Metaspace       used 57251K, committed 57536K, reserved 1114112K
  class space    used 6568K, committed 6656K, reserved 1048576K

Heap Regions: E=young(eden), S=young(survivor), O=old, HS=humongous(starts), HC=humongous(continues), CS=collection set, F=free, TAMS=top-at-mark-start, PB=parsable bottom
|   0|0x00000000c1c00000, 0x00000000c1d00000, 0x00000000c1d00000|100%|HS|  |TAMS 0x00000000c1c00000| PB 0x00000000c1c00000| Complete 
|   1|0x00000000c1d00000, 0x00000000c1e00000, 0x00000000c1e00000|100%|HC|  |TAMS 0x00000000c1d00000| PB 0x00000000c1d00000| Complete 
|   2|0x00000000c1e00000, 0x00000000c1f00000, 0x00000000c1f00000|100%|HC|  |TAMS 0x00000000c1e00000| PB 0x00000000c1e00000| Complete 
|   3|0x00000000c1f00000, 0x00000000c2000000, 0x00000000c2000000|100%| O|  |TAMS 0x00000000c1f00000| PB 0x00000000c1f00000| Untracked 
|   4|0x00000000c2000000, 0x00000000c2100000, 0x00000000c2100000|100%| O|  |TAMS 0x00000000c2000000| PB 0x00000000c2000000| Untracked 
|   5|0x00000000c2100000, 0x00000000c2200000, 0x00000000c2200000|100%| O|  |TAMS 0x00000000c2100000| PB 0x00000000c2100000| Untracked 
|   6|0x00000000c2200000, 0x00000000c2300000, 0x00000000c2300000|100%| O|  |TAMS 0x00000000c2200000| PB 0x00000000c2200000| Untracked 
|   7|0x00000000c2300000, 0x00000000c2400000, 0x00000000c2400000|100%| O|  |TAMS 0x00000000c2300000| PB 0x00000000c2300000| Untracked 
|   8|0x00000000c2400000, 0x00000000c2500000, 0x00000000c2500000|100%| O|  |TAMS 0x00000000c2400000| PB 0x00000000c2400000| Untracked 
|   9|0x00000000c2500000, 0x00000000c2600000, 0x00000000c2600000|100%| O|  |TAMS 0x00000000c2500000| PB 0x00000000c2500000| Untracked 
|  10|0x00000000c2600000, 0x00000000c2700000, 0x00000000c2700000|100%| O|  |TAMS 0x00000000c2600000| PB 0x00000000c2600000| Untracked 
|  11|0x00000000c2700000, 0x00000000c2800000, 0x00000000c2800000|100%| O|  |TAMS 0x00000000c2700000| PB 0x00000000c2700000| Untracked 
|  12|0x00000000c2800000, 0x00000000c2900000, 0x00000000c2900000|100%| O|  |TAMS 0x00000000c2800000| PB 0x00000000c2800000| Untracked 
|  13|0x00000000c2900000, 0x00000000c2a00000, 0x00000000c2a00000|100%| O|  |TAMS 0x00000000c2900000| PB 0x00000000c2900000| Untracked 
|  14|0x00000000c2a00000, 0x00000000c2b00000, 0x00000000c2b00000|100%| O|  |TAMS 0x00000000c2a00000| PB 0x00000000c2a00000| Untracked 
|  15|0x00000000c2b00000, 0x00000000c2c00000, 0x00000000c2c00000|100%| O|  |TAMS 0x00000000c2b00000| PB 0x00000000c2b00000| Untracked 
|  16|0x00000000c2c00000, 0x00000000c2d00000, 0x00000000c2d00000|100%| O|  |TAMS 0x00000000c2c00000| PB 0x00000000c2c00000| Untracked 
|  17|0x00000000c2d00000, 0x00000000c2e00000, 0x00000000c2e00000|100%| O|  |TAMS 0x00000000c2d00000| PB 0x00000000c2d00000| Untracked 
|  18|0x00000000c2e00000, 0x00000000c2f00000, 0x00000000c2f00000|100%| O|  |TAMS 0x00000000c2e00000| PB 0x00000000c2e00000| Untracked 
|  19|0x00000000c2f00000, 0x00000000c3000000, 0x00000000c3000000|100%| O|  |TAMS 0x00000000c2f00000| PB 0x00000000c2f00000| Untracked 
|  20|0x00000000c3000000, 0x00000000c3100000, 0x00000000c3100000|100%| O|  |TAMS 0x00000000c3000000| PB 0x00000000c3000000| Untracked 
|  21|0x00000000c3100000, 0x00000000c3200000, 0x00000000c3200000|100%| O|  |TAMS 0x00000000c3100000| PB 0x00000000c3100000| Untracked 
|  22|0x00000000c3200000, 0x00000000c3300000, 0x00000000c3300000|100%| O|  |TAMS 0x00000000c3200000| PB 0x00000000c3200000| Untracked 
|  23|0x00000000c3300000, 0x00000000c3400000, 0x00000000c3400000|100%| O|  |TAMS 0x00000000c3300000| PB 0x00000000c3300000| Untracked 
|  24|0x00000000c3400000, 0x00000000c3500000, 0x00000000c3500000|100%| O|  |TAMS 0x00000000c3400000| PB 0x00000000c3400000| Untracked 
|  25|0x00000000c3500000, 0x00000000c3600000, 0x00000000c3600000|100%| O|  |TAMS 0x00000000c3500000| PB 0x00000000c3500000| Untracked 
|  26|0x00000000c3600000, 0x00000000c3700000, 0x00000000c3700000|100%| O|  |TAMS 0x00000000c3600000| PB 0x00000000c3600000| Untracked 
|  27|0x00000000c3700000, 0x00000000c3800000, 0x00000000c3800000|100%| O|  |TAMS 0x00000000c3700000| PB 0x00000000c3700000| Untracked 
|  28|0x00000000c3800000, 0x00000000c3900000, 0x00000000c3900000|100%| O|  |TAMS 0x00000000c3800000| PB 0x00000000c3800000| Untracked 
|  29|0x00000000c3900000, 0x00000000c3a00000, 0x00000000c3a00000|100%| O|  |TAMS 0x00000000c3900000| PB 0x00000000c3900000| Untracked 
|  30|0x00000000c3a00000, 0x00000000c3b00000, 0x00000000c3b00000|100%| O|  |TAMS 0x00000000c3a00000| PB 0x00000000c3a00000| Untracked 
|  31|0x00000000c3b00000, 0x00000000c3c00000, 0x00000000c3c00000|100%| O|  |TAMS 0x00000000c3b00000| PB 0x00000000c3b00000| Untracked 
|  32|0x00000000c3c00000, 0x00000000c3d00000, 0x00000000c3d00000|100%| O|  |TAMS 0x00000000c3c00000| PB 0x00000000c3c00000| Untracked 
|  33|0x00000000c3d00000, 0x00000000c3d00000, 0x00000000c3e00000|  0%| F|  |TAMS 0x00000000c3d00000| PB 0x00000000c3d00000| Untracked 
|  34|0x00000000c3e00000, 0x00000000c3f00000, 0x00000000c3f00000|100%| O|  |TAMS 0x00000000c3e00000| PB 0x00000000c3e00000| Untracked 
|  35|0x00000000c3f00000, 0x00000000c4000000, 0x00000000c4000000|100%| O|  |TAMS 0x00000000c3f00000| PB 0x00000000c3f00000| Untracked 
|  36|0x00000000c4000000, 0x00000000c4100000, 0x00000000c4100000|100%| O|  |TAMS 0x00000000c4000000| PB 0x00000000c4000000| Untracked 
|  37|0x00000000c4100000, 0x00000000c4200000, 0x00000000c4200000|100%| O|  |TAMS 0x00000000c4100000| PB 0x00000000c4100000| Untracked 
|  38|0x00000000c4200000, 0x00000000c4300000, 0x00000000c4300000|100%| O|  |TAMS 0x00000000c4200000| PB 0x00000000c4200000| Untracked 
|  39|0x00000000c4300000, 0x00000000c4400000, 0x00000000c4400000|100%| O|  |TAMS 0x00000000c4300000| PB 0x00000000c4300000| Untracked 
|  40|0x00000000c4400000, 0x00000000c4500000, 0x00000000c4500000|100%| O|  |TAMS 0x00000000c4400000| PB 0x00000000c4400000| Untracked 
|  41|0x00000000c4500000, 0x00000000c4600000, 0x00000000c4600000|100%| O|  |TAMS 0x00000000c4500000| PB 0x00000000c4500000| Untracked 
|  42|0x00000000c4600000, 0x00000000c4700000, 0x00000000c4700000|100%| O|  |TAMS 0x00000000c4600000| PB 0x00000000c4600000| Untracked 
|  43|0x00000000c4700000, 0x00000000c47f9020, 0x00000000c4800000| 97%| O|  |TAMS 0x00000000c4700000| PB 0x00000000c4700000| Untracked 
|  44|0x00000000c4800000, 0x00000000c4800000, 0x00000000c4900000|  0%| F|  |TAMS 0x00000000c4800000| PB 0x00000000c4800000| Untracked 
|  45|0x00000000c4900000, 0x00000000c4900000, 0x00000000c4a00000|  0%| F|  |TAMS 0x00000000c4900000| PB 0x00000000c4900000| Untracked 
|  46|0x00000000c4a00000, 0x00000000c4a00000, 0x00000000c4b00000|  0%| F|  |TAMS 0x00000000c4a00000| PB 0x00000000c4a00000| Untracked 
|  47|0x00000000c4b00000, 0x00000000c4c00000, 0x00000000c4c00000|100%| S|CS|TAMS 0x00000000c4b00000| PB 0x00000000c4b00000| Complete 
|  48|0x00000000c4c00000, 0x00000000c4d00000, 0x00000000c4d00000|100%| S|CS|TAMS 0x00000000c4c00000| PB 0x00000000c4c00000| Complete 
|  49|0x00000000c4d00000, 0x00000000c4e00000, 0x00000000c4e00000|100%| S|CS|TAMS 0x00000000c4d00000| PB 0x00000000c4d00000| Complete 
|  50|0x00000000c4e00000, 0x00000000c4e00000, 0x00000000c4f00000|  0%| F|  |TAMS 0x00000000c4e00000| PB 0x00000000c4e00000| Untracked 
|  51|0x00000000c4f00000, 0x00000000c4f00000, 0x00000000c5000000|  0%| F|  |TAMS 0x00000000c4f00000| PB 0x00000000c4f00000| Untracked 
|  52|0x00000000c5000000, 0x00000000c5000000, 0x00000000c5100000|  0%| F|  |TAMS 0x00000000c5000000| PB 0x00000000c5000000| Untracked 
|  53|0x00000000c5100000, 0x00000000c5100000, 0x00000000c5200000|  0%| F|  |TAMS 0x00000000c5100000| PB 0x00000000c5100000| Untracked 
|  54|0x00000000c5200000, 0x00000000c5200000, 0x00000000c5300000|  0%| F|  |TAMS 0x00000000c5200000| PB 0x00000000c5200000| Untracked 
|  55|0x00000000c5300000, 0x00000000c5300000, 0x00000000c5400000|  0%| F|  |TAMS 0x00000000c5300000| PB 0x00000000c5300000| Untracked 
|  56|0x00000000c5400000, 0x00000000c5400000, 0x00000000c5500000|  0%| F|  |TAMS 0x00000000c5400000| PB 0x00000000c5400000| Untracked 
|  57|0x00000000c5500000, 0x00000000c5500000, 0x00000000c5600000|  0%| F|  |TAMS 0x00000000c5500000| PB 0x00000000c5500000| Untracked 
|  58|0x00000000c5600000, 0x00000000c5600000, 0x00000000c5700000|  0%| F|  |TAMS 0x00000000c5600000| PB 0x00000000c5600000| Untracked 
|  59|0x00000000c5700000, 0x00000000c5700000, 0x00000000c5800000|  0%| F|  |TAMS 0x00000000c5700000| PB 0x00000000c5700000| Untracked 
|  60|0x00000000c5800000, 0x00000000c5800000, 0x00000000c5900000|  0%| F|  |TAMS 0x00000000c5800000| PB 0x00000000c5800000| Untracked 
|  61|0x00000000c5900000, 0x00000000c5900000, 0x00000000c5a00000|  0%| F|  |TAMS 0x00000000c5900000| PB 0x00000000c5900000| Untracked 
|  62|0x00000000c5a00000, 0x00000000c5a00000, 0x00000000c5b00000|  0%| F|  |TAMS 0x00000000c5a00000| PB 0x00000000c5a00000| Untracked 
|  63|0x00000000c5b00000, 0x00000000c5b00000, 0x00000000c5c00000|  0%| F|  |TAMS 0x00000000c5b00000| PB 0x00000000c5b00000| Untracked 
|  64|0x00000000c5c00000, 0x00000000c5c00000, 0x00000000c5d00000|  0%| F|  |TAMS 0x00000000c5c00000| PB 0x00000000c5c00000| Untracked 
|  65|0x00000000c5d00000, 0x00000000c5d00000, 0x00000000c5e00000|  0%| F|  |TAMS 0x00000000c5d00000| PB 0x00000000c5d00000| Untracked 
|  66|0x00000000c5e00000, 0x00000000c5e00000, 0x00000000c5f00000|  0%| F|  |TAMS 0x00000000c5e00000| PB 0x00000000c5e00000| Untracked 
| 991|0x00000000ffb00000, 0x00000000ffb00000, 0x00000000ffc00000|  0%| F|  |TAMS 0x00000000ffb00000| PB 0x00000000ffb00000| Untracked 
| 992|0x00000000ffc00000, 0x00000000ffd00000, 0x00000000ffd00000|100%| O|  |TAMS 0x00000000ffc00000| PB 0x00000000ffc00000| Untracked 
| 993|0x00000000ffd00000, 0x00000000ffe00000, 0x00000000ffe00000|100%| O|  |TAMS 0x00000000ffd00000| PB 0x00000000ffd00000| Untracked 
| 994|0x00000000ffe00000, 0x00000000fff00000, 0x00000000fff00000|100%| O|  |TAMS 0x00000000ffe00000| PB 0x00000000ffe00000| Untracked 
| 995|0x00000000fff00000, 0x0000000100000000, 0x0000000100000000|100%| O|  |TAMS 0x00000000fff00000| PB 0x00000000fff00000| Untracked 

Card table byte_map: [0x0000019bcd730000,0x0000019bcd930000] _byte_map_base: 0x0000019bcd122000

Marking Bits: (CMBitMap*) 0x0000019bbb402a70
 Bits: [0x0000019bcd930000, 0x0000019bce8c0000)

Polling page: 0x0000019bb9270000

Metaspace:

Usage:
  Non-class:     49.50 MB used.
      Class:      6.41 MB used.
       Both:     55.91 MB used.

Virtual space:
  Non-class space:       64.00 MB reserved,      49.69 MB ( 78%) committed,  1 nodes.
      Class space:        1.00 GB reserved,       6.50 MB ( <1%) committed,  1 nodes.
             Both:        1.06 GB reserved,      56.19 MB (  5%) committed. 

Chunk freelists:
   Non-Class:  14.11 MB
       Class:  9.44 MB
        Both:  23.55 MB

MaxMetaspaceSize: unlimited
CompressedClassSpaceSize: 1.00 GB
Initial GC threshold: 21.00 MB
Current GC threshold: 93.06 MB
CDS: off
 - commit_granule_bytes: 65536.
 - commit_granule_words: 8192.
 - virtual_space_node_default_size: 8388608.
 - enlarge_chunks_in_place: 1.
 - use_allocation_guard: 0.


Internal statistics:

num_allocs_failed_limit: 6.
num_arena_births: 274.
num_arena_deaths: 0.
num_vsnodes_births: 2.
num_vsnodes_deaths: 0.
num_space_committed: 899.
num_space_uncommitted: 0.
num_chunks_returned_to_freelist: 6.
num_chunks_taken_from_freelist: 1965.
num_chunk_merges: 6.
num_chunk_splits: 1650.
num_chunks_enlarged: 1496.
num_inconsistent_stats: 0.

CodeHeap 'non-profiled nmethods': size=120000Kb used=2073Kb max_used=2073Kb free=117926Kb
 bounds [0x0000019bc6000000, 0x0000019bc6270000, 0x0000019bcd530000]
CodeHeap 'profiled nmethods': size=120000Kb used=11644Kb max_used=11644Kb free=108355Kb
 bounds [0x0000019bbe530000, 0x0000019bbf090000, 0x0000019bc5a60000]
CodeHeap 'non-nmethods': size=5760Kb used=1627Kb max_used=1709Kb free=4132Kb
 bounds [0x0000019bc5a60000, 0x0000019bc5cd0000, 0x0000019bc6000000]
 total_blobs=5692 nmethods=5012 adapters=584
 compilation: enabled
              stopped_count=0, restarted_count=0
 full_count=0

Compilation events (20 events):
Event: 13.537 Thread 0x0000019bd5011ce0 nmethod 5454 0x0000019bbf088c10 code [0x0000019bbf088dc0, 0x0000019bbf0890f0]
Event: 13.537 Thread 0x0000019bd5011ce0 5455       3       org.jetbrains.kotlin.fir.java.AnnotationData::<init> (27 bytes)
Event: 13.539 Thread 0x0000019bd5011ce0 nmethod 5455 0x0000019bbf089190 code [0x0000019bbf089440, 0x0000019bbf089f30]
Event: 13.539 Thread 0x0000019bd5011ce0 5460       3       org.jetbrains.kotlin.fir.java.declarations.FirJavaMethod::getSymbol (8 bytes)
Event: 13.539 Thread 0x0000019bd5011ce0 nmethod 5460 0x0000019bbf08a310 code [0x0000019bbf08a4a0, 0x0000019bbf08a5c0]
Event: 13.539 Thread 0x0000019bd5011ce0 5459       3       org.jetbrains.kotlin.fir.java.JavaAnnotationsMappingKt::convertAnnotationsToFir (33 bytes)
Event: 13.541 Thread 0x0000019bd5011ce0 nmethod 5459 0x0000019bbf08a690 code [0x0000019bbf08a960, 0x0000019bbf08b600]
Event: 13.542 Thread 0x0000019bd5011ce0 5462       3       org.jetbrains.kotlin.fir.declarations.FirAnnotationUtilsKt::toAnnotationClassLikeType (52 bytes)
Event: 13.544 Thread 0x0000019bd5011ce0 nmethod 5462 0x0000019bbf08ba90 code [0x0000019bbf08bd80, 0x0000019bbf08cac8]
Event: 13.544 Thread 0x0000019bd5011ce0 5463       3       org.jetbrains.kotlin.fir.java.enhancement.FirAnnotationTypeQualifierResolver::getFqName (9 bytes)
Event: 13.544 Thread 0x0000019bd5011ce0 nmethod 5463 0x0000019bbf08cf90 code [0x0000019bbf08d140, 0x0000019bbf08d358]
Event: 13.544 Thread 0x0000019bd5011ce0 5464       3       org.jetbrains.kotlin.util.OneElementArrayMap::iterator (12 bytes)
Event: 13.545 Thread 0x0000019bd5011ce0 nmethod 5464 0x0000019bbf08d410 code [0x0000019bbf08d5c0, 0x0000019bbf08d840]
Event: 13.545 Thread 0x0000019bd5011ce0 5467       3       org.jetbrains.kotlin.fir.scopes.FirTypeScopeKt::doProcessAllOverriddenCallables (40 bytes)
Event: 13.546 Thread 0x0000019bd5011ce0 nmethod 5467 0x0000019bbf08d990 code [0x0000019bbf08dc00, 0x0000019bbf08e7c8]
Event: 13.546 Thread 0x0000019bd5011ce0 5465       3       org.jetbrains.kotlin.util.OneElementArrayMap$iterator$1::<init> (15 bytes)
Event: 13.547 Thread 0x0000019bd5011ce0 nmethod 5465 0x0000019bbf08eb90 code [0x0000019bbf08ed40, 0x0000019bbf08ef08]
Event: 13.547 Thread 0x0000019bd5011ce0 5466       3       org.jetbrains.kotlin.util.OneElementArrayMap$iterator$1::next (28 bytes)
Event: 13.547 Thread 0x0000019bd5011ce0 nmethod 5466 0x0000019bbf08f010 code [0x0000019bbf08f1c0, 0x0000019bbf08f400]
Event: 13.547 Thread 0x0000019bd5011ce0 5468       3       org.jetbrains.kotlin.types.AbstractTypeChecker::equalTypes (234 bytes)

GC Heap History (20 events):
Event: 7.865 GC heap after
{Heap after GC invocations=11 (full 0):
 garbage-first heap   total 43008K, used 17704K [0x00000000c1c00000, 0x0000000100000000)
  region size 1024K, 2 young (2048K), 2 survivors (2048K)
 Metaspace       used 45870K, committed 46080K, reserved 1114112K
  class space    used 5406K, committed 5504K, reserved 1048576K
}
Event: 8.676 GC heap before
{Heap before GC invocations=11 (full 0):
 garbage-first heap   total 43008K, used 36136K [0x00000000c1c00000, 0x0000000100000000)
  region size 1024K, 21 young (21504K), 2 survivors (2048K)
 Metaspace       used 47581K, committed 47872K, reserved 1114112K
  class space    used 5561K, committed 5696K, reserved 1048576K
}
Event: 8.707 GC heap after
{Heap after GC invocations=12 (full 0):
 garbage-first heap   total 45056K, used 23136K [0x00000000c1c00000, 0x0000000100000000)
  region size 1024K, 3 young (3072K), 3 survivors (3072K)
 Metaspace       used 47581K, committed 47872K, reserved 1114112K
  class space    used 5561K, committed 5696K, reserved 1048576K
}
Event: 9.261 GC heap before
{Heap before GC invocations=12 (full 0):
 garbage-first heap   total 45056K, used 36448K [0x00000000c1c00000, 0x0000000100000000)
  region size 1024K, 16 young (16384K), 3 survivors (3072K)
 Metaspace       used 49556K, committed 49792K, reserved 1114112K
  class space    used 5793K, committed 5888K, reserved 1048576K
}
Event: 9.287 GC heap after
{Heap after GC invocations=13 (full 0):
 garbage-first heap   total 45056K, used 25543K [0x00000000c1c00000, 0x0000000100000000)
  region size 1024K, 2 young (2048K), 2 survivors (2048K)
 Metaspace       used 49556K, committed 49792K, reserved 1114112K
  class space    used 5793K, committed 5888K, reserved 1048576K
}
Event: 9.655 GC heap before
{Heap before GC invocations=14 (full 0):
 garbage-first heap   total 45056K, used 37831K [0x00000000c1c00000, 0x0000000100000000)
  region size 1024K, 14 young (14336K), 2 survivors (2048K)
 Metaspace       used 51346K, committed 51648K, reserved 1114112K
  class space    used 5996K, committed 6144K, reserved 1048576K
}
Event: 9.672 GC heap after
{Heap after GC invocations=15 (full 0):
 garbage-first heap   total 45056K, used 28993K [0x00000000c1c00000, 0x0000000100000000)
  region size 1024K, 2 young (2048K), 2 survivors (2048K)
 Metaspace       used 51346K, committed 51648K, reserved 1114112K
  class space    used 5996K, committed 6144K, reserved 1048576K
}
Event: 9.745 GC heap before
{Heap before GC invocations=15 (full 0):
 garbage-first heap   total 45056K, used 38209K [0x00000000c1c00000, 0x0000000100000000)
  region size 1024K, 11 young (11264K), 2 survivors (2048K)
 Metaspace       used 51393K, committed 51712K, reserved 1114112K
  class space    used 5996K, committed 6144K, reserved 1048576K
}
Event: 9.770 GC heap after
{Heap after GC invocations=16 (full 0):
 garbage-first heap   total 60416K, used 32479K [0x00000000c1c00000, 0x0000000100000000)
  region size 1024K, 2 young (2048K), 2 survivors (2048K)
 Metaspace       used 51393K, committed 51712K, reserved 1114112K
  class space    used 5996K, committed 6144K, reserved 1048576K
}
Event: 10.354 GC heap before
{Heap before GC invocations=16 (full 0):
 garbage-first heap   total 60416K, used 49887K [0x00000000c1c00000, 0x0000000100000000)
  region size 1024K, 19 young (19456K), 2 survivors (2048K)
 Metaspace       used 52075K, committed 52352K, reserved 1114112K
  class space    used 6061K, committed 6208K, reserved 1048576K
}
Event: 10.378 GC heap after
{Heap after GC invocations=17 (full 0):
 garbage-first heap   total 60416K, used 38189K [0x00000000c1c00000, 0x0000000100000000)
  region size 1024K, 3 young (3072K), 3 survivors (3072K)
 Metaspace       used 52075K, committed 52352K, reserved 1114112K
  class space    used 6061K, committed 6208K, reserved 1048576K
}
Event: 10.885 GC heap before
{Heap before GC invocations=18 (full 0):
 garbage-first heap   total 65536K, used 50477K [0x00000000c1c00000, 0x0000000100000000)
  region size 1024K, 15 young (15360K), 3 survivors (3072K)
 Metaspace       used 52707K, committed 52992K, reserved 1114112K
  class space    used 6131K, committed 6272K, reserved 1048576K
}
Event: 10.906 GC heap after
{Heap after GC invocations=19 (full 0):
 garbage-first heap   total 65536K, used 40960K [0x00000000c1c00000, 0x0000000100000000)
  region size 1024K, 2 young (2048K), 2 survivors (2048K)
 Metaspace       used 52707K, committed 52992K, reserved 1114112K
  class space    used 6131K, committed 6272K, reserved 1048576K
}
Event: 11.636 GC heap before
{Heap before GC invocations=19 (full 0):
 garbage-first heap   total 65536K, used 55296K [0x00000000c1c00000, 0x0000000100000000)
  region size 1024K, 16 young (16384K), 2 survivors (2048K)
 Metaspace       used 53579K, committed 53824K, reserved 1114112K
  class space    used 6237K, committed 6336K, reserved 1048576K
}
Event: 11.655 GC heap after
{Heap after GC invocations=20 (full 0):
 garbage-first heap   total 65536K, used 42698K [0x00000000c1c00000, 0x0000000100000000)
  region size 1024K, 2 young (2048K), 2 survivors (2048K)
 Metaspace       used 53579K, committed 53824K, reserved 1114112K
  class space    used 6237K, committed 6336K, reserved 1048576K
}
Event: 12.459 GC heap before
{Heap before GC invocations=20 (full 0):
 garbage-first heap   total 65536K, used 54986K [0x00000000c1c00000, 0x0000000100000000)
  region size 1024K, 15 young (15360K), 2 survivors (2048K)
 Metaspace       used 56714K, committed 57024K, reserved 1114112K
  class space    used 6554K, committed 6656K, reserved 1048576K
}
Event: 12.477 GC heap after
{Heap after GC invocations=21 (full 0):
 garbage-first heap   total 65536K, used 44289K [0x00000000c1c00000, 0x0000000100000000)
  region size 1024K, 2 young (2048K), 2 survivors (2048K)
 Metaspace       used 56714K, committed 57024K, reserved 1114112K
  class space    used 6554K, committed 6656K, reserved 1048576K
}
Event: 12.994 GC heap before
{Heap before GC invocations=22 (full 0):
 garbage-first heap   total 73728K, used 55553K [0x00000000c1c00000, 0x0000000100000000)
  region size 1024K, 14 young (14336K), 2 survivors (2048K)
 Metaspace       used 57004K, committed 57280K, reserved 1114112K
  class space    used 6567K, committed 6656K, reserved 1048576K
}
Event: 13.016 GC heap after
{Heap after GC invocations=23 (full 0):
 garbage-first heap   total 73728K, used 46530K [0x00000000c1c00000, 0x0000000100000000)
  region size 1024K, 2 young (2048K), 2 survivors (2048K)
 Metaspace       used 57004K, committed 57280K, reserved 1114112K
  class space    used 6567K, committed 6656K, reserved 1048576K
}
Event: 13.552 GC heap before
{Heap before GC invocations=23 (full 0):
 garbage-first heap   total 73728K, used 62914K [0x00000000c1c00000, 0x0000000100000000)
  region size 1024K, 18 young (18432K), 2 survivors (2048K)
 Metaspace       used 57251K, committed 57536K, reserved 1114112K
  class space    used 6568K, committed 6656K, reserved 1048576K
}

Dll operation events (3 events):
Event: 0.021 Loaded shared library C:\Program Files\Android\Android Studio\jbr\bin\java.dll
Event: 0.038 Loaded shared library C:\Program Files\Android\Android Studio\jbr\bin\zip.dll
Event: 4.204 Loaded shared library C:\Program Files\Android\Android Studio\jbr\bin\verify.dll

Deoptimization events (20 events):
Event: 13.052 Thread 0x0000019bb915adf0 DEOPT PACKING pc=0x0000019bbe77d29a sp=0x00000003a06fad30
Event: 13.052 Thread 0x0000019bb915adf0 DEOPT UNPACKING pc=0x0000019bc5ab4e42 sp=0x00000003a06fa1f0 mode 0
Event: 13.377 Thread 0x0000019bb915adf0 DEOPT PACKING pc=0x0000019bbe77d29a sp=0x00000003a06f96a0
Event: 13.377 Thread 0x0000019bb915adf0 DEOPT UNPACKING pc=0x0000019bc5ab4e42 sp=0x00000003a06f8b60 mode 0
Event: 13.387 Thread 0x0000019bb915adf0 Uncommon trap: trap_request=0xffffff45 fr.pc=0x0000019bc61ec728 relative=0x0000000000000168
Event: 13.387 Thread 0x0000019bb915adf0 Uncommon trap: reason=unstable_if action=reinterpret pc=0x0000019bc61ec728 method=org.jetbrains.kotlin.fir.types.ConeTypeUtilsKt.getConstructor(Lorg/jetbrains/kotlin/fir/types/ConeSimpleKotlinType;)Lorg/jetbrains/kotlin/types/model/TypeConstructorMarker; 
Event: 13.387 Thread 0x0000019bb915adf0 DEOPT PACKING pc=0x0000019bc61ec728 sp=0x00000003a06fb540
Event: 13.387 Thread 0x0000019bb915adf0 DEOPT UNPACKING pc=0x0000019bc5ab46a2 sp=0x00000003a06fb4d0 mode 2
Event: 13.482 Thread 0x0000019bb915adf0 Uncommon trap: trap_request=0xffffffde fr.pc=0x0000019bc618a928 relative=0x0000000000000c28
Event: 13.482 Thread 0x0000019bb915adf0 Uncommon trap: reason=class_check action=maybe_recompile pc=0x0000019bc618a928 method=org.jetbrains.org.objectweb.asm.ClassReader.readElementValue(Lorg/jetbrains/org/objectweb/asm/AnnotationVisitor;ILjava/lang/String;[C)I @ 593 c2
Event: 13.482 Thread 0x0000019bb915adf0 DEOPT PACKING pc=0x0000019bc618a928 sp=0x00000003a06f9920
Event: 13.482 Thread 0x0000019bb915adf0 DEOPT UNPACKING pc=0x0000019bc5ab46a2 sp=0x00000003a06f9870 mode 2
Event: 13.483 Thread 0x0000019bb915adf0 Uncommon trap: trap_request=0xffffffde fr.pc=0x0000019bc618a928 relative=0x0000000000000c28
Event: 13.483 Thread 0x0000019bb915adf0 Uncommon trap: reason=class_check action=maybe_recompile pc=0x0000019bc618a928 method=org.jetbrains.org.objectweb.asm.ClassReader.readElementValue(Lorg/jetbrains/org/objectweb/asm/AnnotationVisitor;ILjava/lang/String;[C)I @ 593 c2
Event: 13.483 Thread 0x0000019bb915adf0 DEOPT PACKING pc=0x0000019bc618a928 sp=0x00000003a06f9920
Event: 13.483 Thread 0x0000019bb915adf0 DEOPT UNPACKING pc=0x0000019bc5ab46a2 sp=0x00000003a06f9870 mode 2
Event: 13.483 Thread 0x0000019bb915adf0 Uncommon trap: trap_request=0xffffffde fr.pc=0x0000019bc618a928 relative=0x0000000000000c28
Event: 13.483 Thread 0x0000019bb915adf0 Uncommon trap: reason=class_check action=maybe_recompile pc=0x0000019bc618a928 method=org.jetbrains.org.objectweb.asm.ClassReader.readElementValue(Lorg/jetbrains/org/objectweb/asm/AnnotationVisitor;ILjava/lang/String;[C)I @ 593 c2
Event: 13.483 Thread 0x0000019bb915adf0 DEOPT PACKING pc=0x0000019bc618a928 sp=0x00000003a06f9920
Event: 13.483 Thread 0x0000019bb915adf0 DEOPT UNPACKING pc=0x0000019bc5ab46a2 sp=0x00000003a06f9870 mode 2

Classes loaded (20 events):
Event: 11.991 Loading class java/text/MessageFormat
Event: 11.992 Loading class java/text/Format
Event: 11.993 Loading class java/text/Format done
Event: 11.993 Loading class java/text/MessageFormat done
Event: 11.994 Loading class java/util/Locale$Category
Event: 11.994 Loading class java/util/Locale$Category done
Event: 11.994 Loading class sun/util/locale/BaseLocale$Key
Event: 11.995 Loading class sun/util/locale/BaseLocale$Key done
Event: 11.995 Loading class sun/util/locale/BaseLocale$Cache
Event: 11.995 Loading class sun/util/locale/LocaleObjectCache
Event: 11.995 Loading class sun/util/locale/LocaleObjectCache done
Event: 11.995 Loading class sun/util/locale/BaseLocale$Cache done
Event: 11.995 Loading class sun/util/locale/LocaleObjectCache$CacheEntry
Event: 11.995 Loading class sun/util/locale/LocaleObjectCache$CacheEntry done
Event: 11.996 Loading class java/util/Locale$Cache
Event: 11.996 Loading class java/util/Locale$Cache done
Event: 12.108 Loading class java/text/ChoiceFormat
Event: 12.109 Loading class java/text/NumberFormat
Event: 12.110 Loading class java/text/NumberFormat done
Event: 12.110 Loading class java/text/ChoiceFormat done

Classes unloaded (0 events):
No events

Classes redefined (0 events):
No events

Internal exceptions (20 events):
Event: 9.212 Thread 0x0000019bb915adf0 Exception <a 'java/lang/NoSuchMethodError'{0x00000000c37c6ca8}: 'java.lang.Object java.lang.invoke.DirectMethodHandle$Holder.newInvokeSpecial(java.lang.Object, java.lang.Object, java.lang.Object, java.lang.Object, int)'> (0x00000000c37c6ca8) 
thrown [s\src\hotspot\share\interpreter\linkResolver.cpp, line 784]
Event: 9.213 Thread 0x0000019bb915adf0 Exception <a 'java/lang/NoSuchMethodError'{0x00000000c37cb0f0}: 'java.lang.Object java.lang.invoke.DirectMethodHandle$Holder.invokeSpecial(java.lang.Object, java.lang.Object, java.lang.Object, java.lang.Object, java.lang.Object, int)'> (0x00000000c37cb0f0) 
thrown [s\src\hotspot\share\interpreter\linkResolver.cpp, line 784]
Event: 9.214 Thread 0x0000019bb915adf0 Exception <a 'java/lang/NoSuchMethodError'{0x00000000c37cee30}: 'java.lang.Object java.lang.invoke.Invokers$Holder.linkToTargetMethod(java.lang.Object, java.lang.Object, java.lang.Object, int, java.lang.Object)'> (0x00000000c37cee30) 
thrown [s\src\hotspot\share\interpreter\linkResolver.cpp, line 784]
Event: 9.328 Thread 0x0000019bb915adf0 Exception <a 'java/lang/NoSuchMethodError'{0x00000000c5b8f068}: 'java.lang.Object java.lang.invoke.DirectMethodHandle$Holder.newInvokeSpecial(java.lang.Object, java.lang.Object, java.lang.Object, java.lang.Object, java.lang.Object, java.lang.Object, java.lang.Object, java.lang.Object, java.lang.Object)'> (0x00000000c5b8f068) 
thrown [s\src\hotspot\share\interpreter\linkResolver.cpp, line 784]
Event: 9.448 Thread 0x0000019bb915adf0 Exception <a 'java/lang/NoSuchMethodError'{0x00000000c4df9a58}: 'java.lang.Object java.lang.invoke.DirectMethodHandle$Holder.newInvokeSpecial(java.lang.Object, java.lang.Object, java.lang.Object, int)'> (0x00000000c4df9a58) 
thrown [s\src\hotspot\share\interpreter\linkResolver.cpp, line 784]
Event: 9.449 Thread 0x0000019bb915adf0 Exception <a 'java/lang/NoSuchMethodError'{0x00000000c4dfd8d8}: 'java.lang.Object java.lang.invoke.DirectMethodHandle$Holder.invokeSpecial(java.lang.Object, java.lang.Object, java.lang.Object, java.lang.Object, int)'> (0x00000000c4dfd8d8) 
thrown [s\src\hotspot\share\interpreter\linkResolver.cpp, line 784]
Event: 9.449 Thread 0x0000019bb915adf0 Exception <a 'java/lang/NoSuchMethodError'{0x00000000c3f01280}: 'java.lang.Object java.lang.invoke.Invokers$Holder.linkToTargetMethod(java.lang.Object, java.lang.Object, int, java.lang.Object)'> (0x00000000c3f01280) 
thrown [s\src\hotspot\share\interpreter\linkResolver.cpp, line 784]
Event: 9.453 Thread 0x0000019bb915adf0 Exception <a 'java/lang/NoSuchMethodError'{0x00000000c3f10ef8}: 'java.lang.Object java.lang.invoke.DirectMethodHandle$Holder.newInvokeSpecial(java.lang.Object, int, java.lang.Object)'> (0x00000000c3f10ef8) 
thrown [s\src\hotspot\share\interpreter\linkResolver.cpp, line 784]
Event: 9.466 Thread 0x0000019bb915adf0 Exception <a 'java/lang/NoSuchMethodError'{0x00000000c3f51a70}: 'java.lang.Object java.lang.invoke.DirectMethodHandle$Holder.newInvokeSpecial(java.lang.Object, java.lang.Object, java.lang.Object, java.lang.Object, int, java.lang.Object, java.lang.Object)'> (0x00000000c3f51a70) 
thrown [s\src\hotspot\share\interpreter\linkResolver.cpp, line 784]
Event: 9.467 Thread 0x0000019bb915adf0 Exception <a 'java/lang/NoSuchMethodError'{0x00000000c3f59c50}: 'java.lang.Object java.lang.invoke.Invokers$Holder.linkToTargetMethod(java.lang.Object, java.lang.Object, java.lang.Object, int, java.lang.Object, java.lang.Object, java.lang.Object)'> (0x00000000c3f59c50) 
thrown [s\src\hotspot\share\interpreter\linkResolver.cpp, line 784]
Event: 9.531 Thread 0x0000019bb915adf0 Exception <a 'java/lang/NoSuchMethodError'{0x00000000c3d10fe8}: 'java.lang.Object java.lang.invoke.DirectMethodHandle$Holder.invokeSpecial(java.lang.Object, java.lang.Object, int, java.lang.Object, java.lang.Object)'> (0x00000000c3d10fe8) 
thrown [s\src\hotspot\share\interpreter\linkResolver.cpp, line 784]
Event: 9.578 Thread 0x0000019bb915adf0 Exception <a 'java/lang/NoSuchMethodError'{0x00000000c3c27800}: 'java.lang.Object java.lang.invoke.DirectMethodHandle$Holder.invokeStatic(java.lang.Object, int, java.lang.Object, java.lang.Object)'> (0x00000000c3c27800) 
thrown [s\src\hotspot\share\interpreter\linkResolver.cpp, line 784]
Event: 11.435 Thread 0x0000019bb915adf0 Exception <a 'java/lang/NoSuchMethodError'{0x00000000c4d954b8}: 'java.lang.Object java.lang.invoke.DirectMethodHandle$Holder.invokeStatic(java.lang.Object, java.lang.Object, java.lang.Object, int, java.lang.Object, java.lang.Object)'> (0x00000000c4d954b8) 
thrown [s\src\hotspot\share\interpreter\linkResolver.cpp, line 784]
Event: 11.500 Thread 0x0000019bb915adf0 Exception <a 'java/lang/NoSuchMethodError'{0x00000000c4c6db48}: 'java.lang.Object java.lang.invoke.DirectMethodHandle$Holder.newInvokeSpecial(java.lang.Object, java.lang.Object, java.lang.Object, java.lang.Object, java.lang.Object, int)'> (0x00000000c4c6db48) 
thrown [s\src\hotspot\share\interpreter\linkResolver.cpp, line 784]
Event: 11.501 Thread 0x0000019bb915adf0 Exception <a 'java/lang/NoSuchMethodError'{0x00000000c4c72370}: 'java.lang.Object java.lang.invoke.DirectMethodHandle$Holder.invokeSpecial(java.lang.Object, java.lang.Object, java.lang.Object, java.lang.Object, java.lang.Object, java.lang.Object, int)'> (0x00000000c4c72370) 
thrown [s\src\hotspot\share\interpreter\linkResolver.cpp, line 784]
Event: 11.502 Thread 0x0000019bb915adf0 Exception <a 'java/lang/NoSuchMethodError'{0x00000000c4c76468}: 'java.lang.Object java.lang.invoke.Invokers$Holder.linkToTargetMethod(java.lang.Object, java.lang.Object, java.lang.Object, java.lang.Object, int, java.lang.Object)'> (0x00000000c4c76468) 
thrown [s\src\hotspot\share\interpreter\linkResolver.cpp, line 784]
Event: 12.215 Thread 0x0000019bb915adf0 Implicit null exception at 0x0000019bc60b3360 to 0x0000019bc60b3474
Event: 12.308 Thread 0x0000019bb915adf0 Implicit null exception at 0x0000019bc612b5e9 to 0x0000019bc612b764
Event: 12.511 Thread 0x0000019bb915adf0 Exception <a 'java/lang/NoSuchMethodError'{0x00000000ffb44570}: 'java.lang.Object java.lang.invoke.DirectMethodHandle$Holder.invokeSpecial(java.lang.Object, java.lang.Object, java.lang.Object, int, java.lang.Object, java.lang.Object, java.lang.Object)'> (0x00000000ffb44570) 
thrown [s\src\hotspot\share\interpreter\linkResolver.cpp, line 784]
Event: 12.512 Thread 0x0000019bb915adf0 Exception <a 'java/lang/NoSuchMethodError'{0x00000000ffb5e2d0}: 'java.lang.Object java.lang.invoke.Invokers$Holder.linkToTargetMethod(java.lang.Object, int, java.lang.Object, java.lang.Object, java.lang.Object, java.lang.Object)'> (0x00000000ffb5e2d0) 
thrown [s\src\hotspot\share\interpreter\linkResolver.cpp, line 784]

ZGC Phase Switch (0 events):
No events

VM Operations (20 events):
Event: 11.220 Executing VM operation: ICBufferFull done
Event: 11.636 Executing VM operation: G1CollectForAllocation (G1 Evacuation Pause)
Event: 11.655 Executing VM operation: G1CollectForAllocation (G1 Evacuation Pause) done
Event: 11.757 Executing VM operation: HandshakeAllThreads (Deoptimize)
Event: 11.757 Executing VM operation: HandshakeAllThreads (Deoptimize) done
Event: 12.366 Executing VM operation: ICBufferFull
Event: 12.367 Executing VM operation: ICBufferFull done
Event: 12.459 Executing VM operation: G1CollectForAllocation (G1 Evacuation Pause)
Event: 12.477 Executing VM operation: G1CollectForAllocation (G1 Evacuation Pause) done
Event: 12.684 Executing VM operation: G1PauseRemark
Event: 12.696 Executing VM operation: G1PauseRemark done
Event: 12.758 Executing VM operation: G1PauseCleanup
Event: 12.758 Executing VM operation: G1PauseCleanup done
Event: 12.931 Executing VM operation: HandshakeAllThreads (Deoptimize)
Event: 12.931 Executing VM operation: HandshakeAllThreads (Deoptimize) done
Event: 12.993 Executing VM operation: G1CollectForAllocation (G1 Evacuation Pause)
Event: 13.016 Executing VM operation: G1CollectForAllocation (G1 Evacuation Pause) done
Event: 13.409 Executing VM operation: ICBufferFull
Event: 13.410 Executing VM operation: ICBufferFull done
Event: 13.552 Executing VM operation: G1CollectForAllocation (G1 Evacuation Pause)

Memory protections (0 events):
No events

Nmethod flushes (20 events):
Event: 12.695 Thread 0x0000019bd0d4b110 flushing  nmethod 0x0000019bbead8010
Event: 12.695 Thread 0x0000019bd0d4b110 flushing  nmethod 0x0000019bbeadbc10
Event: 12.695 Thread 0x0000019bd0d4b110 flushing  nmethod 0x0000019bbeb92a90
Event: 12.695 Thread 0x0000019bd0d4b110 flushing  nmethod 0x0000019bbe5ab390
Event: 12.695 Thread 0x0000019bd0d4b110 flushing  nmethod 0x0000019bbe5ae090
Event: 12.695 Thread 0x0000019bd0d4b110 flushing  nmethod 0x0000019bbe5d1190
Event: 12.695 Thread 0x0000019bd0d4b110 flushing  nmethod 0x0000019bbe60e390
Event: 12.695 Thread 0x0000019bd0d4b110 flushing  nmethod 0x0000019bbe661690
Event: 12.695 Thread 0x0000019bd0d4b110 flushing  nmethod 0x0000019bbe75f010
Event: 12.695 Thread 0x0000019bd0d4b110 flushing  nmethod 0x0000019bbe7f4390
Event: 12.695 Thread 0x0000019bd0d4b110 flushing  nmethod 0x0000019bbe7f6110
Event: 12.695 Thread 0x0000019bd0d4b110 flushing  nmethod 0x0000019bbe7fb090
Event: 12.695 Thread 0x0000019bd0d4b110 flushing  nmethod 0x0000019bbe7fdf90
Event: 12.695 Thread 0x0000019bd0d4b110 flushing  nmethod 0x0000019bbe81ee10
Event: 12.695 Thread 0x0000019bd0d4b110 flushing  nmethod 0x0000019bbe81f590
Event: 12.695 Thread 0x0000019bd0d4b110 flushing  nmethod 0x0000019bbe827190
Event: 12.695 Thread 0x0000019bd0d4b110 flushing  nmethod 0x0000019bbeaec090
Event: 12.695 Thread 0x0000019bd0d4b110 flushing  nmethod 0x0000019bbeb33790
Event: 12.695 Thread 0x0000019bd0d4b110 flushing  nmethod 0x0000019bbeb3d410
Event: 12.695 Thread 0x0000019bd0d4b110 flushing  nmethod 0x0000019bbeb8f310

Events (15 events):
Event: 0.030 Thread 0x0000019bb915adf0 Thread added: 0x0000019bb915adf0
Event: 0.197 Thread 0x0000019bb915adf0 Thread added: 0x0000019bd0dc5f90
Event: 0.208 Thread 0x0000019bb915adf0 Thread added: 0x0000019bd0dc79f0
Event: 0.208 Thread 0x0000019bb915adf0 Thread added: 0x0000019bd500c830
Event: 0.211 Thread 0x0000019bb915adf0 Thread added: 0x0000019bd500fcd0
Event: 0.211 Thread 0x0000019bb915adf0 Thread added: 0x0000019bd5010730
Event: 0.211 Thread 0x0000019bb915adf0 Thread added: 0x0000019bd0dee290
Event: 0.211 Thread 0x0000019bb915adf0 Thread added: 0x0000019bd0dd25c0
Event: 0.211 Thread 0x0000019bb915adf0 Thread added: 0x0000019bd0dd88b0
Event: 0.212 Thread 0x0000019bb915adf0 Thread added: 0x0000019bd5011ce0
Event: 0.287 Thread 0x0000019bb915adf0 Thread added: 0x0000019bd51b2450
Event: 0.309 Loaded shared library C:\Program Files\Android\Android Studio\jbr\bin\net.dll
Event: 0.313 Loaded shared library C:\Program Files\Android\Android Studio\jbr\bin\nio.dll
Event: 0.386 Loaded shared library C:\Program Files\Android\Android Studio\jbr\bin\zip.dll
Event: 0.464 Loaded shared library C:\Program Files\Android\Android Studio\jbr\bin\jimage.dll


Dynamic libraries:
0x00007ff6bd8d0000 - 0x00007ff6bd8da000 	C:\Program Files\Android\Android Studio\jbr\bin\java.exe
0x00007ff88dc10000 - 0x00007ff88de08000 	C:\WINDOWS\SYSTEM32\ntdll.dll
0x00007ff88c380000 - 0x00007ff88c442000 	C:\WINDOWS\System32\KERNEL32.DLL
0x00007ff88b8c0000 - 0x00007ff88bbb6000 	C:\WINDOWS\System32\KERNELBASE.dll
0x00007ff88b590000 - 0x00007ff88b690000 	C:\WINDOWS\System32\ucrtbase.dll
0x00007ff886c50000 - 0x00007ff886c68000 	C:\Program Files\Android\Android Studio\jbr\bin\jli.dll
0x00007ff88cbc0000 - 0x00007ff88cd61000 	C:\WINDOWS\System32\USER32.dll
0x00007ff88b440000 - 0x00007ff88b462000 	C:\WINDOWS\System32\win32u.dll
0x00007ff88cb90000 - 0x00007ff88cbbb000 	C:\WINDOWS\System32\GDI32.dll
0x00007ff88b470000 - 0x00007ff88b589000 	C:\WINDOWS\System32\gdi32full.dll
0x00007ff88b710000 - 0x00007ff88b7ad000 	C:\WINDOWS\System32\msvcp_win.dll
0x00007ff869b20000 - 0x00007ff869b3b000 	C:\Program Files\Android\Android Studio\jbr\bin\VCRUNTIME140.dll
0x00007ff88a730000 - 0x00007ff88a9cb000 	C:\WINDOWS\WinSxS\amd64_microsoft.windows.common-controls_6595b64144ccf1df_6.0.19041.6456_none_60b8a6cb71f64256\COMCTL32.dll
0x00007ff88c2e0000 - 0x00007ff88c37e000 	C:\WINDOWS\System32\msvcrt.dll
0x00007ff88d6d0000 - 0x00007ff88d6ff000 	C:\WINDOWS\System32\IMM32.DLL
0x00007ff86cdb0000 - 0x00007ff86cdbc000 	C:\Program Files\Android\Android Studio\jbr\bin\vcruntime140_1.dll
0x00007ff84d830000 - 0x00007ff84d8bd000 	C:\Program Files\Android\Android Studio\jbr\bin\msvcp140.dll
0x00007ffff7f50000 - 0x00007ffff8bde000 	C:\Program Files\Android\Android Studio\jbr\bin\server\jvm.dll
0x00007ff88bde0000 - 0x00007ff88be91000 	C:\WINDOWS\System32\ADVAPI32.dll
0x00007ff88c590000 - 0x00007ff88c62f000 	C:\WINDOWS\System32\sechost.dll
0x00007ff88c450000 - 0x00007ff88c570000 	C:\WINDOWS\System32\RPCRT4.dll
0x00007ff88b7b0000 - 0x00007ff88b7d7000 	C:\WINDOWS\System32\bcrypt.dll
0x00007ff88cb20000 - 0x00007ff88cb8b000 	C:\WINDOWS\System32\WS2_32.dll
0x00007ff88b140000 - 0x00007ff88b18b000 	C:\WINDOWS\SYSTEM32\POWRPROF.dll
0x00007ff86e730000 - 0x00007ff86e757000 	C:\WINDOWS\SYSTEM32\WINMM.dll
0x00007ff884fc0000 - 0x00007ff884fca000 	C:\WINDOWS\SYSTEM32\VERSION.dll
0x00007ff88b120000 - 0x00007ff88b132000 	C:\WINDOWS\SYSTEM32\UMPDC.dll
0x00007ff888b60000 - 0x00007ff888b72000 	C:\WINDOWS\SYSTEM32\kernel.appcore.dll
0x00007ff86cc30000 - 0x00007ff86cc3a000 	C:\Program Files\Android\Android Studio\jbr\bin\jimage.dll
0x00007ff88acd0000 - 0x00007ff88aed1000 	C:\WINDOWS\SYSTEM32\DBGHELP.DLL
0x00007ff88aae0000 - 0x00007ff88ab14000 	C:\WINDOWS\SYSTEM32\dbgcore.DLL
0x00007ff88b7e0000 - 0x00007ff88b862000 	C:\WINDOWS\System32\bcryptPrimitives.dll
0x00007ff869a90000 - 0x00007ff869ab0000 	C:\Program Files\Android\Android Studio\jbr\bin\java.dll
0x00007ff869a30000 - 0x00007ff869a48000 	C:\Program Files\Android\Android Studio\jbr\bin\zip.dll
0x00007ff88cf60000 - 0x00007ff88d6d0000 	C:\WINDOWS\System32\SHELL32.dll
0x00007ff888d60000 - 0x00007ff889505000 	C:\WINDOWS\SYSTEM32\windows.storage.dll
0x00007ff88bea0000 - 0x00007ff88c1f4000 	C:\WINDOWS\System32\combase.dll
0x00007ff88a690000 - 0x00007ff88a6bb000 	C:\WINDOWS\SYSTEM32\Wldp.dll
0x00007ff88da90000 - 0x00007ff88db5d000 	C:\WINDOWS\System32\OLEAUT32.dll
0x00007ff88cea0000 - 0x00007ff88cf4d000 	C:\WINDOWS\System32\SHCORE.dll
0x00007ff88bd20000 - 0x00007ff88bd7b000 	C:\WINDOWS\System32\shlwapi.dll
0x00007ff88b2c0000 - 0x00007ff88b2e4000 	C:\WINDOWS\SYSTEM32\profapi.dll
0x00007ff86cad0000 - 0x00007ff86cae0000 	C:\Program Files\Android\Android Studio\jbr\bin\net.dll
0x00007ff880da0000 - 0x00007ff880eaa000 	C:\WINDOWS\SYSTEM32\WINHTTP.dll
0x00007ff88a560000 - 0x00007ff88a5ca000 	C:\WINDOWS\system32\mswsock.dll
0x00007ff85d240000 - 0x00007ff85d256000 	C:\Program Files\Android\Android Studio\jbr\bin\nio.dll
0x00007ff85c470000 - 0x00007ff85c480000 	C:\Program Files\Android\Android Studio\jbr\bin\verify.dll

dbghelp: loaded successfully - version: 4.0.5 - missing functions: none
symbol engine: initialized successfully - sym options: 0x614 - pdb path: .;C:\Program Files\Android\Android Studio\jbr\bin;C:\WINDOWS\SYSTEM32;C:\WINDOWS\WinSxS\amd64_microsoft.windows.common-controls_6595b64144ccf1df_6.0.19041.6456_none_60b8a6cb71f64256;C:\Program Files\Android\Android Studio\jbr\bin\server

VM Arguments:
java_command: org.jetbrains.kotlin.cli.jvm.K2JVMCompiler @C:\Users\User\AndroidStudioProjects\KakulatorUTMJ\app\build\20251118_3784044007012005670.compiler.options
java_class_path (initial): C:\Users\User\.gradle\caches\modules-2\files-2.1\org.jetbrains.kotlin\kotlin-compiler-embeddable\2.0.21\79346ed53db48b18312a472602eb5c057070c54d\kotlin-compiler-embeddable-2.0.21.jar;C:\Users\User\.gradle\caches\modules-2\files-2.1\org.jetbrains.kotlin\kotlin-stdlib\2.0.21\618b539767b4899b4660a83006e052b63f1db551\kotlin-stdlib-2.0.21.jar;C:\Users\User\.gradle\caches\modules-2\files-2.1\org.jetbrains.kotlin\kotlin-script-runtime\2.0.21\c9b044380ad41f89aa89aa896c2d32a8c0b2129d\kotlin-script-runtime-2.0.21.jar;C:\Users\User\.gradle\caches\modules-2\files-2.1\org.jetbrains.kotlin\kotlin-reflect\1.6.10\1cbe9c92c12a94eea200d23c2bbaedaf3daf5132\kotlin-reflect-1.6.10.jar;C:\Users\User\.gradle\caches\modules-2\files-2.1\org.jetbrains.kotlin\kotlin-daemon-embeddable\2.0.21\c9e933b23287de9b5a17e2116b4657bb91aea72c\kotlin-daemon-embeddable-2.0.21.jar;C:\Users\User\.gradle\caches\modules-2\files-2.1\org.jetbrains.intellij.deps\trove4j\1.0.20200330\3afb14d5f9ceb459d724e907a21145e8ff394f02\trove4j-1.0.20200330.jar;C:\Users\User\.gradle\caches\modules-2\files-2.1\org.jetbrains.kotlinx\kotlinx-coroutines-core-jvm\1.6.4\2c997cd1c0ef33f3e751d3831929aeff1390cb30\kotlinx-coroutines-core-jvm-1.6.4.jar;C:\Users\User\.gradle\caches\modules-2\files-2.1\org.jetbrains\annotations\13.0\919f0dfe192fb4e063e7dacadee7f8bb9a2672a9\annotations-13.0.jar
Launcher Type: SUN_STANDARD

[Global flags]
     intx CICompilerCount                          = 3                                         {product} {ergonomic}
     uint ConcGCThreads                            = 1                                         {product} {ergonomic}
     uint G1ConcRefinementThreads                  = 4                                         {product} {ergonomic}
   size_t G1HeapRegionSize                         = 1048576                                   {product} {ergonomic}
    uintx GCDrainStackTargetSize                   = 64                                        {product} {ergonomic}
   size_t InitialHeapSize                          = 67108864                                  {product} {ergonomic}
   size_t MarkStackSize                            = 4194304                                   {product} {ergonomic}
   size_t MaxHeapSize                              = 1044381696                                {product} {ergonomic}
   size_t MaxNewSize                               = 625999872                                 {product} {ergonomic}
   size_t MinHeapDeltaBytes                        = 1048576                                   {product} {ergonomic}
   size_t MinHeapSize                              = 8388608                                   {product} {ergonomic}
    uintx NonNMethodCodeHeapSize                   = 5832780                                {pd product} {ergonomic}
    uintx NonProfiledCodeHeapSize                  = 122912730                              {pd product} {ergonomic}
    uintx ProfiledCodeHeapSize                     = 122912730                              {pd product} {ergonomic}
    uintx ReservedCodeCacheSize                    = 251658240                              {pd product} {ergonomic}
     bool SegmentedCodeCache                       = true                                      {product} {ergonomic}
   size_t SoftMaxHeapSize                          = 1044381696                             {manageable} {ergonomic}
     bool UseCompressedOops                        = true                           {product lp64_product} {ergonomic}
     bool UseG1GC                                  = true                                      {product} {ergonomic}
     bool UseLargePagesIndividualAllocation        = false                                  {pd product} {ergonomic}

Logging:
Log output configuration:
 #0: stdout all=warning uptime,level,tags foldmultilines=false
 #1: stderr all=off uptime,level,tags foldmultilines=false

Environment Variables:
PATH=C:\Program Files (x86)\VMware\VMware Workstation\bin\;C:\Program Files (x86)\Common Files\Oracle\Java\java8path;C:\Program Files (x86)\Common Files\Oracle\Java\javapath;C:\WINDOWS\system32;C:\WINDOWS;C:\WINDOWS\System32\Wbem;C:\WINDOWS\System32\WindowsPowerShell\v1.0\;C:\WINDOWS\System32\OpenSSH\;C:\Program Files\Git\cmd;C:\Users\User\AppData\Local\Programs\Python\Launcher\;C:\Users\User\AppData\Local\Microsoft\WindowsApps;C:\Users\User\AppData\Local\Programs\Microsoft VS Code\bin
USERNAME=Dini mangunsong
OS=Windows_NT
PROCESSOR_IDENTIFIER=Intel64 Family 6 Model 78 Stepping 3, GenuineIntel
TMP=C:\Users\User\AppData\Local\Temp
TEMP=C:\Users\User\AppData\Local\Temp




Periodic native trim disabled

JNI global refs:
JNI global refs: 9, weak refs: 7

JNI global refs memory usage: 835, weak refs: 833

Process memory usage:
Resident Set Size: 221984K (5% of 4072028K total physical memory with 287032K free physical memory)

OOME stack traces (most recent first):
Classloader memory used:
Loader jdk.internal.loader.ClassLoaders$AppClassLoader                                 : 46537K
Loader bootstrap                                                                       : 10714K

---------------  S Y S T E M  ---------------

OS:
 Windows 10 , 64 bit Build 19041 (10.0.19041.5915)
OS uptime: 0 days 5:44 hours

CPU: total 4 (initial active 4) (2 cores per cpu, 2 threads per core) family 6 model 78 stepping 3 microcode 0xcc, cx8, cmov, fxsr, ht, mmx, 3dnowpref, sse, sse2, sse3, ssse3, sse4.1, sse4.2, popcnt, lzcnt, tsc, tscinvbit, avx, avx2, aes, erms, clmul, bmi1, bmi2, rtm, adx, fma, vzeroupper, clflush, clflushopt, rdtscp, f16c
Processor Information for processor 0
  Max Mhz: 2496, Current Mhz: 2396, Mhz Limit: 2396
Processor Information for processor 1
  Max Mhz: 2496, Current Mhz: 2396, Mhz Limit: 2396
Processor Information for processor 2
  Max Mhz: 2496, Current Mhz: 2396, Mhz Limit: 2396
Processor Information for processor 3
  Max Mhz: 2496, Current Mhz: 1497, Mhz Limit: 2396

Memory: 4k page, system-wide physical 3976M (281M free)
TotalPageFile size 10226M (AvailPageFile size 45M)
current process WorkingSet (physical memory assigned to process): 216M, peak: 221M
current process commit charge ("private bytes"): 250M, peak: 323M

vm_info: OpenJDK 64-Bit Server VM (21.0.7+-13880790-b1038.58) for windows-amd64 JRE (21.0.7+-13880790-b1038.58), built on 2025-08-04T20:56:21Z by "builder" with MS VC++ 16.10 / 16.11 (VS2019)

END.
